=== handleInstructorImageUploads 함수 호출됨 ===
시간: 2025-06-18 17:59:28
FILES 키들: ["instructors","lecture_images"]
=== handleInstructorImageUploads 함수 호출됨 ===
시간: 2025-06-18 18:00:22
FILES 키들: ["instructors","lecture_images"]
=== FILES 구조 상세 분석 ===
전체 FILES: {"instructors":{"name":[{"image":"\uace0\uc724\uc815.webp"},{"image":"\uace0\uc724\uc8152.jpg"}],"type":[{"image":"image\/webp"},{"image":"image\/jpeg"}],"tmp_name":[{"image":"\/tmp\/phpIlxrR7"},{"image":"\/tmp\/phpWEIh8y"}],"error":[{"image":0},{"image":0}],"size":[{"image":33054},{"image":5879}]},"lecture_images":{"name":[""],"type":[""],"tmp_name":[""],"error":[4],"size":[0]}}
파일 키 검사: instructors
파일 키 검사: lecture_images
=== handleInstructorImageUploads 함수 호출됨 ===
시간: 2025-06-18 18:01:08
FILES 키들: ["instructors","lecture_images"]
=== FILES 구조 상세 분석 ===
전체 FILES: {"instructors":{"name":[{"image":"\uace0\uc724\uc815.webp"},{"image":"\uace0\uc724\uc8152.jpg"}],"type":[{"image":"image\/webp"},{"image":"image\/jpeg"}],"tmp_name":[{"image":"\/tmp\/phpNrUzvY"},{"image":"\/tmp\/phpm3MUrh"}],"error":[{"image":0},{"image":0}],"size":[{"image":33054},{"image":5879}]},"lecture_images":{"name":[""],"type":[""],"tmp_name":[""],"error":[4],"size":[0]}}
instructors 파일 데이터 발견
강사 0 이미지 처리 시작
파일 정보: 고윤정.webp, tmp: /tmp/phpNrUzvY, error: 0
강사 0 이미지 업로드 성공: /assets/uploads/instructors/instructor_0_1750237268__________.webp
강사 1 이미지 처리 시작
파일 정보: 고윤정2.jpg, tmp: /tmp/phpm3MUrh, error: 0
강사 1 이미지 업로드 성공: /assets/uploads/instructors/instructor_1_1750237268__________2.jpg
=== handleInstructorImageUploads 함수 호출됨 ===
시간: 2025-06-18 18:03:31
FILES 키들: ["instructors","lecture_images"]
=== FILES 구조 상세 분석 ===
전체 FILES: {"instructors":{"name":[{"image":""}],"type":[{"image":""}],"tmp_name":[{"image":""}],"error":[{"image":4}],"size":[{"image":0}]},"lecture_images":{"name":[""],"type":[""],"tmp_name":[""],"error":[4],"size":[0]}}
instructors 파일 데이터 발견
=== handleInstructorImageUploads 함수 호출됨 ===
시간: 2025-06-18 18:05:03
FILES 키들: ["instructors","lecture_images"]
=== FILES 구조 상세 분석 ===
전체 FILES: {"instructors":{"name":[{"image":"\uace0\uc724\uc815.webp"},{"image":"\uace0\uc724\uc8152.jpg"}],"type":[{"image":"image\/webp"},{"image":"image\/jpeg"}],"tmp_name":[{"image":"\/tmp\/phpQyUIEs"},{"image":"\/tmp\/php2y7ZQ9"}],"error":[{"image":0},{"image":0}],"size":[{"image":33054},{"image":5879}]},"lecture_images":{"name":[""],"type":[""],"tmp_name":[""],"error":[4],"size":[0]}}
instructors 파일 데이터 발견
강사 0 이미지 처리 시작
파일 정보: 고윤정.webp, tmp: /tmp/phpQyUIEs, error: 0
강사 0 이미지 업로드 성공: /assets/uploads/instructors/instructor_0_1750237503__________.webp
강사 1 이미지 처리 시작
파일 정보: 고윤정2.jpg, tmp: /tmp/php2y7ZQ9, error: 0
강사 1 이미지 업로드 성공: /assets/uploads/instructors/instructor_1_1750237503__________2.jpg
=== handleInstructorImageUploads 함수 호출됨 ===
시간: 2025-06-18 18:05:12
FILES 키들: ["instructors","lecture_images"]
=== FILES 구조 상세 분석 ===
전체 FILES: {"instructors":{"name":[{"image":""}],"type":[{"image":""}],"tmp_name":[{"image":""}],"error":[{"image":4}],"size":[{"image":0}]},"lecture_images":{"name":[""],"type":[""],"tmp_name":[""],"error":[4],"size":[0]}}
instructors 파일 데이터 발견
=== handleInstructorImageUploads 함수 호출됨 ===
시간: 2025-06-18 18:06:23
FILES 키들: ["instructors","lecture_images"]
=== FILES 구조 상세 분석 ===
전체 FILES: {"instructors":{"name":[{"image":"\uace0\uc724\uc815.webp"},{"image":"\uace0\uc724\uc8152.jpg"}],"type":[{"image":"image\/webp"},{"image":"image\/jpeg"}],"tmp_name":[{"image":"\/tmp\/phpy57fU7"},{"image":"\/tmp\/phpCBTtOi"}],"error":[{"image":0},{"image":0}],"size":[{"image":33054},{"image":5879}]},"lecture_images":{"name":[""],"type":[""],"tmp_name":[""],"error":[4],"size":[0]}}
instructors 파일 데이터 발견
강사 0 이미지 처리 시작
파일 정보: 고윤정.webp, tmp: /tmp/phpy57fU7, error: 0
강사 0 이미지 업로드 성공: /assets/uploads/instructors/instructor_0_1750237583__________.webp
강사 1 이미지 처리 시작
파일 정보: 고윤정2.jpg, tmp: /tmp/phpCBTtOi, error: 0
강사 1 이미지 업로드 성공: /assets/uploads/instructors/instructor_1_1750237583__________2.jpg
=== handleInstructorImageUploads 함수 호출됨 ===
시간: 2025-06-18 18:06:30
FILES 키들: ["instructors","lecture_images"]
=== FILES 구조 상세 분석 ===
전체 FILES: {"instructors":{"name":[{"image":""}],"type":[{"image":""}],"tmp_name":[{"image":""}],"error":[{"image":4}],"size":[{"image":0}]},"lecture_images":{"name":[""],"type":[""],"tmp_name":[""],"error":[4],"size":[0]}}
instructors 파일 데이터 발견
=== handleInstructorImageUploads 함수 호출됨 ===
시간: 2025-06-18 20:49:08
FILES 키들: ["instructors","lecture_images"]
=== FILES 구조 상세 분석 ===
전체 FILES: {"instructors":{"name":[{"image":"\uace0\uc724\uc815.webp"},{"image":"\uace0\uc724\uc8152.jpg"}],"type":[{"image":"image\/webp"},{"image":"image\/jpeg"}],"tmp_name":[{"image":"\/tmp\/phpGgWY8g"},{"image":"\/tmp\/php52wQei"}],"error":[{"image":0},{"image":0}],"size":[{"image":33054},{"image":5879}]},"lecture_images":{"name":[""],"type":[""],"tmp_name":[""],"error":[4],"size":[0]}}
instructors 파일 데이터 발견
강사 0 이미지 처리 시작
파일 정보: 고윤정.webp, tmp: /tmp/phpGgWY8g, error: 0
강사 0 이미지 업로드 성공: /assets/uploads/instructors/instructor_0_1750247348__________.webp
강사 1 이미지 처리 시작
파일 정보: 고윤정2.jpg, tmp: /tmp/php52wQei, error: 0
강사 1 이미지 업로드 성공: /assets/uploads/instructors/instructor_1_1750247348__________2.jpg
=== handleInstructorImageUploads 함수 호출됨 ===
시간: 2025-06-18 20:49:19
FILES 키들: ["instructors","lecture_images"]
=== FILES 구조 상세 분석 ===
전체 FILES: {"instructors":{"name":[{"image":""}],"type":[{"image":""}],"tmp_name":[{"image":""}],"error":[{"image":4}],"size":[{"image":0}]},"lecture_images":{"name":[""],"type":[""],"tmp_name":[""],"error":[4],"size":[0]}}
instructors 파일 데이터 발견
=== handleInstructorImageUploads 함수 호출됨 ===
시간: 2025-06-18 20:52:22
FILES 키들: ["instructors","lecture_images"]
=== FILES 구조 상세 분석 ===
전체 FILES: {"instructors":{"name":[{"image":"\uace0\uc724\uc815.webp"},{"image":"\uace0\uc724\uc8152.jpg"}],"type":[{"image":"image\/webp"},{"image":"image\/jpeg"}],"tmp_name":[{"image":"\/tmp\/php5JQdkZ"},{"image":"\/tmp\/phpwxY6TK"}],"error":[{"image":0},{"image":0}],"size":[{"image":33054},{"image":5879}]},"lecture_images":{"name":[""],"type":[""],"tmp_name":[""],"error":[4],"size":[0]}}
instructors 파일 데이터 발견
강사 0 이미지 처리 시작
파일 정보: 고윤정.webp, tmp: /tmp/php5JQdkZ, error: 0
강사 0 이미지 업로드 성공: /assets/uploads/instructors/instructor_0_1750247542__________.webp
강사 1 이미지 처리 시작
파일 정보: 고윤정2.jpg, tmp: /tmp/phpwxY6TK, error: 0
강사 1 이미지 업로드 성공: /assets/uploads/instructors/instructor_1_1750247542__________2.jpg
=== handleInstructorImageUploads 함수 호출됨 ===
시간: 2025-06-18 20:52:28
FILES 키들: ["instructors","lecture_images"]
=== FILES 구조 상세 분석 ===
전체 FILES: {"instructors":{"name":[{"image":"\uace0\uc724\uc815.webp"}],"type":[{"image":"image\/webp"}],"tmp_name":[{"image":"\/tmp\/phpTyrd84"}],"error":[{"image":0}],"size":[{"image":33054}]},"lecture_images":{"name":[""],"type":[""],"tmp_name":[""],"error":[4],"size":[0]}}
instructors 파일 데이터 발견
강사 0 이미지 처리 시작
파일 정보: 고윤정.webp, tmp: /tmp/phpTyrd84, error: 0
강사 0 이미지 업로드 성공: /assets/uploads/instructors/instructor_0_1750247548__________.webp
=== handleInstructorImageUploads 함수 호출됨 ===
시간: 2025-06-18 20:53:02
FILES 키들: ["instructors","lecture_images"]
=== FILES 구조 상세 분석 ===
전체 FILES: {"instructors":{"name":[{"image":""},{"image":"\uace0\uc724\uc8152.jpg"}],"type":[{"image":""},{"image":"image\/jpeg"}],"tmp_name":[{"image":""},{"image":"\/tmp\/php6ZxmN4"}],"error":[{"image":4},{"image":0}],"size":[{"image":0},{"image":5879}]},"lecture_images":{"name":[""],"type":[""],"tmp_name":[""],"error":[4],"size":[0]}}
instructors 파일 데이터 발견
강사 1 이미지 처리 시작
파일 정보: 고윤정2.jpg, tmp: /tmp/php6ZxmN4, error: 0
강사 1 이미지 업로드 성공: /assets/uploads/instructors/instructor_1_1750247582__________2.jpg
=== handleInstructorImageUploads 함수 호출됨 ===
시간: 2025-06-18 21:01:26
FILES 키들: ["instructors","lecture_images"]
=== FILES 구조 상세 분석 ===
전체 FILES: {"instructors":{"name":[{"image":""},{"image":""}],"type":[{"image":""},{"image":""}],"tmp_name":[{"image":""},{"image":""}],"error":[{"image":4},{"image":4}],"size":[{"image":0},{"image":0}]},"lecture_images":{"name":["\uace0\ud654\uc9c8.jpg","\ub85c\uace0 \ud615\ud0dc.png","\uba54\uc77c\ud0dd.png"],"type":["image\/jpeg","image\/png","image\/png"],"tmp_name":["\/tmp\/phpEEctpi","\/tmp\/phpr61yIK","\/tmp\/phpteymlg"],"error":[0,0,0],"size":[494803,247484,19548]}}
instructors 파일 데이터 발견
=== handleInstructorImageUploads 함수 호출됨 ===
시간: 2025-06-18 21:01:41
FILES 키들: ["instructors","lecture_images"]
=== FILES 구조 상세 분석 ===
전체 FILES: {"instructors":{"name":[{"image":""},{"image":""}],"type":[{"image":""},{"image":""}],"tmp_name":[{"image":""},{"image":""}],"error":[{"image":4},{"image":4}],"size":[{"image":0},{"image":0}]},"lecture_images":{"name":[""],"type":[""],"tmp_name":[""],"error":[4],"size":[0]}}
instructors 파일 데이터 발견
=== handleInstructorImageUploads 함수 호출됨 ===
시간: 2025-06-18 21:01:53
FILES 키들: ["instructors","lecture_images"]
=== FILES 구조 상세 분석 ===
전체 FILES: {"instructors":{"name":[{"image":""},{"image":""}],"type":[{"image":""},{"image":""}],"tmp_name":[{"image":""},{"image":""}],"error":[{"image":4},{"image":4}],"size":[{"image":0},{"image":0}]},"lecture_images":{"name":["\ub85c\uace0 \ud615\ud0dc.png"],"type":["image\/png"],"tmp_name":["\/tmp\/phpoEt2ZO"],"error":[0],"size":[247484]}}
instructors 파일 데이터 발견
=== handleInstructorImageUploads 함수 호출됨 ===
시간: 2025-06-18 21:03:42
FILES 키들: ["instructors","lecture_images"]
=== FILES 구조 상세 분석 ===
전체 FILES: {"instructors":{"name":[{"image":""},{"image":""}],"type":[{"image":""},{"image":""}],"tmp_name":[{"image":""},{"image":""}],"error":[{"image":4},{"image":4}],"size":[{"image":0},{"image":0}]},"lecture_images":{"name":["\uace0\ud654\uc9c8.jpg","\uba54\uc77c\ud0dd.png"],"type":["image\/jpeg","image\/png"],"tmp_name":["\/tmp\/phpZqVJ7w","\/tmp\/phpCuqieC"],"error":[0,0],"size":[494803,19548]}}
instructors 파일 데이터 발견
=== handleInstructorImageUploads 함수 호출됨 ===
시간: 2025-06-18 21:13:29
FILES 키들: ["instructors","lecture_images"]
=== FILES 구조 상세 분석 ===
전체 FILES: {"instructors":{"name":[{"image":""},{"image":""}],"type":[{"image":""},{"image":""}],"tmp_name":[{"image":""},{"image":""}],"error":[{"image":4},{"image":4}],"size":[{"image":0},{"image":0}]},"lecture_images":{"name":["\ub85c\uace0 \ud615\ud0dc.png"],"type":["image\/png"],"tmp_name":["\/tmp\/phpn0CdgW"],"error":[0],"size":[247484]}}
instructors 파일 데이터 발견
=== handleInstructorImageUploads 함수 호출됨 ===
시간: 2025-06-18 21:15:36
FILES 키들: ["instructors","lecture_images"]
=== FILES 구조 상세 분석 ===
전체 FILES: {"instructors":{"name":[{"image":""},{"image":""}],"type":[{"image":""},{"image":""}],"tmp_name":[{"image":""},{"image":""}],"error":[{"image":4},{"image":4}],"size":[{"image":0},{"image":0}]},"lecture_images":{"name":["\uace0\ud654\uc9c8.jpg","\uba54\uc77c\ud0dd.png"],"type":["image\/jpeg","image\/png"],"tmp_name":["\/tmp\/phpNS2gjw","\/tmp\/phpZzlVDO"],"error":[0,0],"size":[494803,19548]}}
instructors 파일 데이터 발견
=== handleInstructorImageUploads 함수 호출됨 ===
시간: 2025-06-18 21:18:36
FILES 키들: ["instructors","lecture_images"]
=== FILES 구조 상세 분석 ===
전체 FILES: {"instructors":{"name":[{"image":""},{"image":""}],"type":[{"image":""},{"image":""}],"tmp_name":[{"image":""},{"image":""}],"error":[{"image":4},{"image":4}],"size":[{"image":0},{"image":0}]},"lecture_images":{"name":["\ub85c\uace0 \ud615\ud0dc.png"],"type":["image\/png"],"tmp_name":["\/tmp\/phpoOd889"],"error":[0],"size":[247484]}}
instructors 파일 데이터 발견
=== handleInstructorImageUploads 함수 호출됨 ===
시간: 2025-06-18 21:18:53
FILES 키들: ["instructors","lecture_images"]
=== FILES 구조 상세 분석 ===
전체 FILES: {"instructors":{"name":[{"image":""},{"image":""}],"type":[{"image":""},{"image":""}],"tmp_name":[{"image":""},{"image":""}],"error":[{"image":4},{"image":4}],"size":[{"image":0},{"image":0}]},"lecture_images":{"name":["\uace0\ud654\uc9c8.jpg","\uba54\uc77c\ud0dd.png"],"type":["image\/jpeg","image\/png"],"tmp_name":["\/tmp\/phpi9teaE","\/tmp\/phpeLKSa7"],"error":[0,0],"size":[494803,19548]}}
instructors 파일 데이터 발견
=== handleInstructorImageUploads 함수 호출됨 ===
시간: 2025-06-18 21:20:51
FILES 키들: ["instructors","lecture_images"]
=== FILES 구조 상세 분석 ===
전체 FILES: {"instructors":{"name":[{"image":""},{"image":""}],"type":[{"image":""},{"image":""}],"tmp_name":[{"image":""},{"image":""}],"error":[{"image":4},{"image":4}],"size":[{"image":0},{"image":0}]},"lecture_images":{"name":["\ub85c\uace0 \ud615\ud0dc.png"],"type":["image\/png"],"tmp_name":["\/tmp\/phpFSGbuR"],"error":[0],"size":[247484]}}
instructors 파일 데이터 발견
=== handleInstructorImageUploads 함수 호출됨 ===
시간: 2025-06-18 21:21:54
FILES 키들: ["instructors","lecture_images"]
=== FILES 구조 상세 분석 ===
전체 FILES: {"instructors":{"name":[{"image":""},{"image":""}],"type":[{"image":""},{"image":""}],"tmp_name":[{"image":""},{"image":""}],"error":[{"image":4},{"image":4}],"size":[{"image":0},{"image":0}]},"lecture_images":{"name":["\uace0\ud654\uc9c8.jpg","\uba54\uc77c\ud0dd.png"],"type":["image\/jpeg","image\/png"],"tmp_name":["\/tmp\/phpwwICRE","\/tmp\/php1MekaJ"],"error":[0,0],"size":[494803,19548]}}
instructors 파일 데이터 발견
=== handleInstructorImageUploads 함수 호출됨 ===
시간: 2025-06-18 21:23:43
FILES 키들: ["instructors","lecture_images"]
=== FILES 구조 상세 분석 ===
전체 FILES: {"instructors":{"name":[{"image":""},{"image":""}],"type":[{"image":""},{"image":""}],"tmp_name":[{"image":""},{"image":""}],"error":[{"image":4},{"image":4}],"size":[{"image":0},{"image":0}]},"lecture_images":{"name":["\ub85c\uace0 \ud615\ud0dc.png"],"type":["image\/png"],"tmp_name":["\/tmp\/phpgr5XTL"],"error":[0],"size":[247484]}}
instructors 파일 데이터 발견
=== handleInstructorImageUploads 함수 호출됨 ===
시간: 2025-06-18 21:25:35
FILES 키들: ["instructors","lecture_images"]
=== FILES 구조 상세 분석 ===
전체 FILES: {"instructors":{"name":[{"image":""},{"image":""}],"type":[{"image":""},{"image":""}],"tmp_name":[{"image":""},{"image":""}],"error":[{"image":4},{"image":4}],"size":[{"image":0},{"image":0}]},"lecture_images":{"name":["\uace0\ud654\uc9c8.jpg","\uba54\uc77c\ud0dd.png"],"type":["image\/jpeg","image\/png"],"tmp_name":["\/tmp\/php3yim7f","\/tmp\/phpRUuhYP"],"error":[0,0],"size":[494803,19548]}}
instructors 파일 데이터 발견
=== handleInstructorImageUploads 함수 호출됨 ===
시간: 2025-06-18 21:26:53
FILES 키들: ["instructors","lecture_images"]
=== FILES 구조 상세 분석 ===
전체 FILES: {"instructors":{"name":[{"image":""},{"image":""}],"type":[{"image":""},{"image":""}],"tmp_name":[{"image":""},{"image":""}],"error":[{"image":4},{"image":4}],"size":[{"image":0},{"image":0}]},"lecture_images":{"name":["\ub85c\uace0 \ud615\ud0dc.png"],"type":["image\/png"],"tmp_name":["\/tmp\/phpg7796L"],"error":[0],"size":[247484]}}
instructors 파일 데이터 발견
=== handleInstructorImageUploads 함수 호출됨 ===
시간: 2025-06-18 21:28:43
FILES 키들: ["instructors","lecture_images"]
=== FILES 구조 상세 분석 ===
전체 FILES: {"instructors":{"name":[{"image":""},{"image":""}],"type":[{"image":""},{"image":""}],"tmp_name":[{"image":""},{"image":""}],"error":[{"image":4},{"image":4}],"size":[{"image":0},{"image":0}]},"lecture_images":{"name":["\uace0\ud654\uc9c8.jpg","\uba54\uc77c\ud0dd.png"],"type":["image\/jpeg","image\/png"],"tmp_name":["\/tmp\/phpdJCJEd","\/tmp\/phpsWcMV9"],"error":[0,0],"size":[494803,19548]}}
instructors 파일 데이터 발견
=== handleInstructorImageUploads 함수 호출됨 ===
시간: 2025-06-18 21:30:56
FILES 키들: ["instructors","lecture_images"]
=== FILES 구조 상세 분석 ===
전체 FILES: {"instructors":{"name":[{"image":""},{"image":""}],"type":[{"image":""},{"image":""}],"tmp_name":[{"image":""},{"image":""}],"error":[{"image":4},{"image":4}],"size":[{"image":0},{"image":0}]},"lecture_images":{"name":["\ub85c\uace0 \ud615\ud0dc.png"],"type":["image\/png"],"tmp_name":["\/tmp\/phpN9gL89"],"error":[0],"size":[247484]}}
instructors 파일 데이터 발견
=== handleInstructorImageUploads 함수 호출됨 ===
시간: 2025-06-18 21:33:51
FILES 키들: ["instructors","lecture_images"]
=== FILES 구조 상세 분석 ===
전체 FILES: {"instructors":{"name":[{"image":""},{"image":""}],"type":[{"image":""},{"image":""}],"tmp_name":[{"image":""},{"image":""}],"error":[{"image":4},{"image":4}],"size":[{"image":0},{"image":0}]},"lecture_images":{"name":["\uace0\ud654\uc9c8.jpg","\uba54\uc77c\ud0dd.png"],"type":["image\/jpeg","image\/png"],"tmp_name":["\/tmp\/phpugMxP7","\/tmp\/php8L6IFm"],"error":[0,0],"size":[494803,19548]}}
instructors 파일 데이터 발견
=== handleInstructorImageUploads 함수 호출됨 ===
시간: 2025-06-18 21:40:49
FILES 키들: ["instructors","lecture_images"]
=== FILES 구조 상세 분석 ===
전체 FILES: {"instructors":{"name":[{"image":""},{"image":""}],"type":[{"image":""},{"image":""}],"tmp_name":[{"image":""},{"image":""}],"error":[{"image":4},{"image":4}],"size":[{"image":0},{"image":0}]},"lecture_images":{"name":["\ub85c\uace0 \ud615\ud0dc.png"],"type":["image\/png"],"tmp_name":["\/tmp\/phpRt8pyO"],"error":[0],"size":[247484]}}
instructors 파일 데이터 발견
=== handleInstructorImageUploads 함수 호출됨 ===
시간: 2025-06-18 21:42:42
FILES 키들: ["instructors","lecture_images"]
=== FILES 구조 상세 분석 ===
전체 FILES: {"instructors":{"name":[{"image":""},{"image":""}],"type":[{"image":""},{"image":""}],"tmp_name":[{"image":""},{"image":""}],"error":[{"image":4},{"image":4}],"size":[{"image":0},{"image":0}]},"lecture_images":{"name":["\uace0\ud654\uc9c8.jpg","\uba54\uc77c\ud0dd.png"],"type":["image\/jpeg","image\/png"],"tmp_name":["\/tmp\/phpL6LF5L","\/tmp\/php9bYOz5"],"error":[0,0],"size":[494803,19548]}}
instructors 파일 데이터 발견
=== handleInstructorImageUploads 함수 호출됨 ===
시간: 2025-06-18 21:44:03
FILES 키들: ["instructors","lecture_images"]
=== FILES 구조 상세 분석 ===
전체 FILES: {"instructors":{"name":[{"image":""},{"image":""}],"type":[{"image":""},{"image":""}],"tmp_name":[{"image":""},{"image":""}],"error":[{"image":4},{"image":4}],"size":[{"image":0},{"image":0}]},"lecture_images":{"name":["\ub85c\uace0 \ud615\ud0dc.png"],"type":["image\/png"],"tmp_name":["\/tmp\/phpaDaOEM"],"error":[0],"size":[247484]}}
instructors 파일 데이터 발견
=== handleInstructorImageUploads 함수 호출됨 ===
시간: 2025-06-18 21:57:03
FILES 키들: ["instructors","lecture_images"]
=== FILES 구조 상세 분석 ===
전체 FILES: {"instructors":{"name":[{"image":""},{"image":""}],"type":[{"image":""},{"image":""}],"tmp_name":[{"image":""},{"image":""}],"error":[{"image":4},{"image":4}],"size":[{"image":0},{"image":0}]},"lecture_images":{"name":["\uace0\ud654\uc9c8.jpg","\uba54\uc77c\ud0dd.png"],"type":["image\/jpeg","image\/png"],"tmp_name":["\/tmp\/phpfhUx1j","\/tmp\/phpn0JVCB"],"error":[0,0],"size":[494803,19548]}}
instructors 파일 데이터 발견
=== handleInstructorImageUploads 함수 호출됨 ===
시간: 2025-06-18 21:58:08
FILES 키들: ["instructors","lecture_images"]
=== FILES 구조 상세 분석 ===
전체 FILES: {"instructors":{"name":[{"image":""},{"image":""}],"type":[{"image":""},{"image":""}],"tmp_name":[{"image":""},{"image":""}],"error":[{"image":4},{"image":4}],"size":[{"image":0},{"image":0}]},"lecture_images":{"name":["\ub85c\uace0 \ud615\ud0dc.png"],"type":["image\/png"],"tmp_name":["\/tmp\/phptYrGwy"],"error":[0],"size":[247484]}}
instructors 파일 데이터 발견
=== handleInstructorImageUploads 함수 호출됨 ===
시간: 2025-06-18 22:00:18
FILES 키들: ["instructors","lecture_images"]
=== FILES 구조 상세 분석 ===
전체 FILES: {"instructors":{"name":[{"image":""},{"image":""}],"type":[{"image":""},{"image":""}],"tmp_name":[{"image":""},{"image":""}],"error":[{"image":4},{"image":4}],"size":[{"image":0},{"image":0}]},"lecture_images":{"name":["\uace0\ud654\uc9c8.jpg","\uba54\uc77c\ud0dd.png"],"type":["image\/jpeg","image\/png"],"tmp_name":["\/tmp\/phppDOWFK","\/tmp\/phppPoIce"],"error":[0,0],"size":[494803,19548]}}
instructors 파일 데이터 발견
=== handleInstructorImageUploads 함수 호출됨 ===
시간: 2025-06-18 22:06:19
FILES 키들: ["instructors","lecture_images"]
=== FILES 구조 상세 분석 ===
전체 FILES: {"instructors":{"name":[{"image":""},{"image":""}],"type":[{"image":""},{"image":""}],"tmp_name":[{"image":""},{"image":""}],"error":[{"image":4},{"image":4}],"size":[{"image":0},{"image":0}]},"lecture_images":{"name":["\ub85c\uace0 \ud615\ud0dc.png"],"type":["image\/png"],"tmp_name":["\/tmp\/phpg1gBUa"],"error":[0],"size":[247484]}}
instructors 파일 데이터 발견
=== handleInstructorImageUploads 함수 호출됨 ===
시간: 2025-06-18 22:09:23
FILES 키들: ["instructors","lecture_images"]
=== FILES 구조 상세 분석 ===
전체 FILES: {"instructors":{"name":[{"image":""},{"image":""}],"type":[{"image":""},{"image":""}],"tmp_name":[{"image":""},{"image":""}],"error":[{"image":4},{"image":4}],"size":[{"image":0},{"image":0}]},"lecture_images":{"name":["\uace0\ud654\uc9c8.jpg","\uba54\uc77c\ud0dd.png"],"type":["image\/jpeg","image\/png"],"tmp_name":["\/tmp\/phpHKEAiM","\/tmp\/php1coaCa"],"error":[0,0],"size":[494803,19548]}}
instructors 파일 데이터 발견
=== handleInstructorImageUploads 함수 호출됨 ===
시간: 2025-06-18 22:11:20
FILES 키들: ["instructors","lecture_images"]
=== FILES 구조 상세 분석 ===
전체 FILES: {"instructors":{"name":[{"image":""},{"image":""}],"type":[{"image":""},{"image":""}],"tmp_name":[{"image":""},{"image":""}],"error":[{"image":4},{"image":4}],"size":[{"image":0},{"image":0}]},"lecture_images":{"name":["\ub85c\uace0 \ud615\ud0dc.png"],"type":["image\/png"],"tmp_name":["\/tmp\/phpwfzkQ8"],"error":[0],"size":[247484]}}
instructors 파일 데이터 발견
=== handleInstructorImageUploads 함수 호출됨 ===
시간: 2025-06-18 22:16:50
FILES 키들: ["instructors","lecture_images"]
=== FILES 구조 상세 분석 ===
전체 FILES: {"instructors":{"name":[{"image":""},{"image":""}],"type":[{"image":""},{"image":""}],"tmp_name":[{"image":""},{"image":""}],"error":[{"image":4},{"image":4}],"size":[{"image":0},{"image":0}]},"lecture_images":{"name":["\uace0\ud654\uc9c8.jpg","\uba54\uc77c\ud0dd.png"],"type":["image\/jpeg","image\/png"],"tmp_name":["\/tmp\/phpxKBls3","\/tmp\/php2JePIa"],"error":[0,0],"size":[494803,19548]}}
instructors 파일 데이터 발견
=== handleInstructorImageUploads 함수 호출됨 ===
시간: 2025-06-18 22:18:58
FILES 키들: ["instructors","lecture_images"]
=== FILES 구조 상세 분석 ===
전체 FILES: {"instructors":{"name":[{"image":""},{"image":""}],"type":[{"image":""},{"image":""}],"tmp_name":[{"image":""},{"image":""}],"error":[{"image":4},{"image":4}],"size":[{"image":0},{"image":0}]},"lecture_images":{"name":["\ub85c\uace0 \ud615\ud0dc.png"],"type":["image\/png"],"tmp_name":["\/tmp\/phpWfoDo0"],"error":[0],"size":[247484]}}
instructors 파일 데이터 발견
=== handleInstructorImageUploads 함수 호출됨 ===
시간: 2025-06-18 22:20:00
FILES 키들: ["instructors","lecture_images"]
=== FILES 구조 상세 분석 ===
전체 FILES: {"instructors":{"name":[{"image":""},{"image":""}],"type":[{"image":""},{"image":""}],"tmp_name":[{"image":""},{"image":""}],"error":[{"image":4},{"image":4}],"size":[{"image":0},{"image":0}]},"lecture_images":{"name":["\uace0\ud654\uc9c8.jpg","\uba54\uc77c\ud0dd.png"],"type":["image\/jpeg","image\/png"],"tmp_name":["\/tmp\/phpOoyxXL","\/tmp\/phpf7gYpA"],"error":[0,0],"size":[494803,19548]}}
instructors 파일 데이터 발견
=== handleInstructorImageUploads 함수 호출됨 ===
시간: 2025-06-18 22:22:25
FILES 키들: ["instructors","lecture_images"]
=== FILES 구조 상세 분석 ===
전체 FILES: {"instructors":{"name":[{"image":""},{"image":""}],"type":[{"image":""},{"image":""}],"tmp_name":[{"image":""},{"image":""}],"error":[{"image":4},{"image":4}],"size":[{"image":0},{"image":0}]},"lecture_images":{"name":["\ub85c\uace0 \ud615\ud0dc.png"],"type":["image\/png"],"tmp_name":["\/tmp\/phpdifo3W"],"error":[0],"size":[247484]}}
instructors 파일 데이터 발견
=== handleInstructorImageUploads 함수 호출됨 ===
시간: 2025-06-18 22:31:49
FILES 키들: ["instructors","lecture_images"]
=== FILES 구조 상세 분석 ===
전체 FILES: {"instructors":{"name":[{"image":""},{"image":""}],"type":[{"image":""},{"image":""}],"tmp_name":[{"image":""},{"image":""}],"error":[{"image":4},{"image":4}],"size":[{"image":0},{"image":0}]},"lecture_images":{"name":["\uace0\ud654\uc9c8.jpg","\uba54\uc77c\ud0dd.png"],"type":["image\/jpeg","image\/png"],"tmp_name":["\/tmp\/phpUlw2WI","\/tmp\/phpr653Tv"],"error":[0,0],"size":[494803,19548]}}
instructors 파일 데이터 발견
=== handleInstructorImageUploads 함수 호출됨 ===
시간: 2025-06-18 22:37:18
FILES 키들: ["instructors","lecture_images"]
=== FILES 구조 상세 분석 ===
전체 FILES: {"instructors":{"name":[{"image":""},{"image":""}],"type":[{"image":""},{"image":""}],"tmp_name":[{"image":""},{"image":""}],"error":[{"image":4},{"image":4}],"size":[{"image":0},{"image":0}]},"lecture_images":{"name":["\ub85c\uace0 \ud615\ud0dc.png"],"type":["image\/png"],"tmp_name":["\/tmp\/phpZ99RT3"],"error":[0],"size":[247484]}}
instructors 파일 데이터 발견
=== handleInstructorImageUploads 함수 호출됨 ===
시간: 2025-06-18 22:48:49
FILES 키들: ["instructors","lecture_images"]
=== FILES 구조 상세 분석 ===
전체 FILES: {"instructors":{"name":[{"image":""},{"image":""}],"type":[{"image":""},{"image":""}],"tmp_name":[{"image":""},{"image":""}],"error":[{"image":4},{"image":4}],"size":[{"image":0},{"image":0}]},"lecture_images":{"name":["\uace0\ud654\uc9c8.jpg","\uba54\uc77c\ud0dd.png"],"type":["image\/jpeg","image\/png"],"tmp_name":["\/tmp\/phplq7ylR","\/tmp\/phpul3wlk"],"error":[0,0],"size":[494803,19548]}}
instructors 파일 데이터 발견
=== handleInstructorImageUploads 함수 호출됨 ===
시간: 2025-06-18 22:50:27
FILES 키들: ["instructors","lecture_images"]
=== FILES 구조 상세 분석 ===
전체 FILES: {"instructors":{"name":[{"image":""},{"image":""}],"type":[{"image":""},{"image":""}],"tmp_name":[{"image":""},{"image":""}],"error":[{"image":4},{"image":4}],"size":[{"image":0},{"image":0}]},"lecture_images":{"name":["\ub85c\uace0 \ud615\ud0dc.png"],"type":["image\/png"],"tmp_name":["\/tmp\/phpPdkeuH"],"error":[0],"size":[247484]}}
instructors 파일 데이터 발견
=== handleInstructorImageUploads 함수 호출됨 ===
시간: 2025-06-18 22:54:31
FILES 키들: ["instructors","lecture_images"]
=== FILES 구조 상세 분석 ===
전체 FILES: {"instructors":{"name":[{"image":""},{"image":""}],"type":[{"image":""},{"image":""}],"tmp_name":[{"image":""},{"image":""}],"error":[{"image":4},{"image":4}],"size":[{"image":0},{"image":0}]},"lecture_images":{"name":["\uace0\ud654\uc9c8.jpg","\uba54\uc77c\ud0dd.png"],"type":["image\/jpeg","image\/png"],"tmp_name":["\/tmp\/phpUxKjce","\/tmp\/phpHfeyi3"],"error":[0,0],"size":[494803,19548]}}
instructors 파일 데이터 발견
=== handleInstructorImageUploads 함수 호출됨 ===
시간: 2025-06-18 22:56:51
FILES 키들: ["instructors","lecture_images"]
=== FILES 구조 상세 분석 ===
전체 FILES: {"instructors":{"name":[{"image":""},{"image":""}],"type":[{"image":""},{"image":""}],"tmp_name":[{"image":""},{"image":""}],"error":[{"image":4},{"image":4}],"size":[{"image":0},{"image":0}]},"lecture_images":{"name":[""],"type":[""],"tmp_name":[""],"error":[4],"size":[0]}}
instructors 파일 데이터 발견
=== handleInstructorImageUploads 함수 호출됨 ===
시간: 2025-06-18 22:57:03
FILES 키들: ["instructors","lecture_images"]
=== FILES 구조 상세 분석 ===
전체 FILES: {"instructors":{"name":[{"image":""},{"image":""}],"type":[{"image":""},{"image":""}],"tmp_name":[{"image":""},{"image":""}],"error":[{"image":4},{"image":4}],"size":[{"image":0},{"image":0}]},"lecture_images":{"name":["\uace0\ud654\uc9c8.jpg","\uba54\uc77c\ud0dd.png"],"type":["image\/jpeg","image\/png"],"tmp_name":["\/tmp\/php4kvHHq","\/tmp\/php96AUdH"],"error":[0,0],"size":[494803,19548]}}
instructors 파일 데이터 발견
=== handleInstructorImageUploads 함수 호출됨 ===
시간: 2025-06-18 22:57:51
FILES 키들: ["instructors","lecture_images"]
=== FILES 구조 상세 분석 ===
전체 FILES: {"instructors":{"name":[{"image":""},{"image":""}],"type":[{"image":""},{"image":""}],"tmp_name":[{"image":""},{"image":""}],"error":[{"image":4},{"image":4}],"size":[{"image":0},{"image":0}]},"lecture_images":{"name":[""],"type":[""],"tmp_name":[""],"error":[4],"size":[0]}}
instructors 파일 데이터 발견
=== handleInstructorImageUploads 함수 호출됨 ===
시간: 2025-06-18 23:08:56
FILES 키들: ["instructors","lecture_images"]
=== FILES 구조 상세 분석 ===
전체 FILES: {"instructors":{"name":[{"image":""},{"image":""}],"type":[{"image":""},{"image":""}],"tmp_name":[{"image":""},{"image":""}],"error":[{"image":4},{"image":4}],"size":[{"image":0},{"image":0}]},"lecture_images":{"name":[""],"type":[""],"tmp_name":[""],"error":[4],"size":[0]}}
instructors 파일 데이터 발견
=== handleInstructorImageUploads 함수 호출됨 ===
시간: 2025-06-18 23:19:22
FILES 키들: ["instructors","lecture_images"]
=== FILES 구조 상세 분석 ===
전체 FILES: {"instructors":{"name":[{"image":""},{"image":""}],"type":[{"image":""},{"image":""}],"tmp_name":[{"image":""},{"image":""}],"error":[{"image":4},{"image":4}],"size":[{"image":0},{"image":0}]},"lecture_images":{"name":[""],"type":[""],"tmp_name":[""],"error":[4],"size":[0]}}
instructors 파일 데이터 발견
=== handleInstructorImageUploads 함수 호출됨 ===
시간: 2025-06-18 23:20:41
FILES 키들: ["instructors","lecture_images"]
=== FILES 구조 상세 분석 ===
전체 FILES: {"instructors":{"name":[{"image":""},{"image":""}],"type":[{"image":""},{"image":""}],"tmp_name":[{"image":""},{"image":""}],"error":[{"image":4},{"image":4}],"size":[{"image":0},{"image":0}]},"lecture_images":{"name":[""],"type":[""],"tmp_name":[""],"error":[4],"size":[0]}}
instructors 파일 데이터 발견
=== handleInstructorImageUploads 함수 호출됨 ===
시간: 2025-06-19 00:04:19
FILES 키들: ["instructors","lecture_images"]
=== FILES 구조 상세 분석 ===
전체 FILES: {"instructors":{"name":[{"image":""},{"image":""}],"type":[{"image":""},{"image":""}],"tmp_name":[{"image":""},{"image":""}],"error":[{"image":4},{"image":4}],"size":[{"image":0},{"image":0}]},"lecture_images":{"name":[""],"type":[""],"tmp_name":[""],"error":[4],"size":[0]}}
instructors 파일 데이터 발견
=== handleInstructorImageUploads 함수 호출됨 ===
시간: 2025-06-19 00:12:43
FILES 키들: ["instructors","lecture_images"]
=== FILES 구조 상세 분석 ===
전체 FILES: {"instructors":{"name":[{"image":""},{"image":""}],"type":[{"image":""},{"image":""}],"tmp_name":[{"image":""},{"image":""}],"error":[{"image":4},{"image":4}],"size":[{"image":0},{"image":0}]},"lecture_images":{"name":[""],"type":[""],"tmp_name":[""],"error":[4],"size":[0]}}
instructors 파일 데이터 발견
=== handleInstructorImageUploads 함수 호출됨 ===
시간: 2025-06-19 09:10:15
FILES 키들: ["instructors","lecture_images"]
=== FILES 구조 상세 분석 ===
전체 FILES: {"instructors":{"name":[{"image":"\uace0\uc724\uc815.webp"},{"image":"\uace0\uc724\uc8152.jpg"}],"type":[{"image":"image\/webp"},{"image":"image\/jpeg"}],"tmp_name":[{"image":"\/tmp\/phpUtEZek"},{"image":"\/tmp\/phpqTvGvp"}],"error":[{"image":0},{"image":0}],"size":[{"image":33054},{"image":5879}]},"lecture_images":{"name":["\ub85c\uace0 \ud615\ud0dc.png","\uba54\uc77c\ud0dd.png","\uc804\uc790\uc138\uae08\uacc4\uc0b0\uc11c.jpg"],"type":["image\/png","image\/png","image\/jpeg"],"tmp_name":["\/tmp\/php6v1XM9","\/tmp\/phpn10k7C","\/tmp\/phpXXirVm"],"error":[0,0,0],"size":[247484,19548,93650]}}
instructors 파일 데이터 발견
강사 0 이미지 처리 시작
파일 정보: 고윤정.webp, tmp: /tmp/phpUtEZek, error: 0
강사 0 이미지 업로드 성공: /assets/uploads/instructors/instructor_0_1750291815__________.webp
강사 1 이미지 처리 시작
파일 정보: 고윤정2.jpg, tmp: /tmp/phpqTvGvp, error: 0
강사 1 이미지 업로드 성공: /assets/uploads/instructors/instructor_1_1750291815__________2.jpg
=== handleInstructorImageUploads 함수 호출됨 ===
시간: 2025-06-19 09:16:22
FILES 키들: ["instructors","lecture_images"]
=== FILES 구조 상세 분석 ===
전체 FILES: {"instructors":{"name":[{"image":""},{"image":""}],"type":[{"image":""},{"image":""}],"tmp_name":[{"image":""},{"image":""}],"error":[{"image":4},{"image":4}],"size":[{"image":0},{"image":0}]},"lecture_images":{"name":[""],"type":[""],"tmp_name":[""],"error":[4],"size":[0]}}
instructors 파일 데이터 발견
=== handleInstructorImageUploads 함수 호출됨 ===
시간: 2025-06-19 09:35:13
FILES 키들: ["instructors","lecture_images"]
=== FILES 구조 상세 분석 ===
전체 FILES: {"instructors":{"name":[{"image":""},{"image":""}],"type":[{"image":""},{"image":""}],"tmp_name":[{"image":""},{"image":""}],"error":[{"image":4},{"image":4}],"size":[{"image":0},{"image":0}]},"lecture_images":{"name":[""],"type":[""],"tmp_name":[""],"error":[4],"size":[0]}}
instructors 파일 데이터 발견
=== handleInstructorImageUploads 함수 호출됨 ===
시간: 2025-06-19 18:22:11
FILES 키들: ["instructors","lecture_images"]
=== FILES 구조 상세 분석 ===
전체 FILES: {"instructors":{"name":[{"image":""},{"image":""}],"type":[{"image":""},{"image":""}],"tmp_name":[{"image":""},{"image":""}],"error":[{"image":4},{"image":4}],"size":[{"image":0},{"image":0}]},"lecture_images":{"name":["\uace0\ud654\uc9c8.jpg","\uc9c1\uc778_\uc708\uce74\ub4dc.png"],"type":["image\/jpeg","image\/png"],"tmp_name":["\/tmp\/php2VTiYe","\/tmp\/php4hWSDi"],"error":[0,0],"size":[494803,116711]}}
instructors 파일 데이터 발견
=== handleInstructorImageUploads 함수 호출됨 ===
시간: 2025-06-19 18:22:21
FILES 키들: ["instructors","lecture_images"]
=== FILES 구조 상세 분석 ===
전체 FILES: {"instructors":{"name":[{"image":""},{"image":""}],"type":[{"image":""},{"image":""}],"tmp_name":[{"image":""},{"image":""}],"error":[{"image":4},{"image":4}],"size":[{"image":0},{"image":0}]},"lecture_images":{"name":["\uace0\ud654\uc9c8.jpg","\uc9c1\uc778_\uc708\uce74\ub4dc.png"],"type":["image\/jpeg","image\/png"],"tmp_name":["\/tmp\/phpZ69YoE","\/tmp\/phpNoWhtG"],"error":[0,0],"size":[494803,116711]}}
instructors 파일 데이터 발견
=== handleInstructorImageUploads 함수 호출됨 ===
시간: 2025-06-19 19:42:11
FILES 키들: ["instructors","lecture_images"]
=== FILES 구조 상세 분석 ===
전체 FILES: {"instructors":{"name":[{"image":"\uace0\uc724\uc815.webp"},{"image":"\uace0\uc724\uc8152.jpg"}],"type":[{"image":"image\/webp"},{"image":"image\/jpeg"}],"tmp_name":[{"image":"\/tmp\/phpHpvgld"},{"image":"\/tmp\/phpdJf1OL"}],"error":[{"image":0},{"image":0}],"size":[{"image":33054},{"image":5879}]},"lecture_images":{"name":["\uace0\ud654\uc9c8.jpg","\ub85c\uace0 \ud615\ud0dc.png","\uba54\uc77c\ud0dd.png","\uc804\uc790\uc138\uae08\uacc4\uc0b0\uc11c.jpg","\uc9c1\uc778_\uc708\uce74\ub4dc.png"],"type":["image\/jpeg","image\/png","image\/png","image\/jpeg","image\/png"],"tmp_name":["\/tmp\/php8HsNDR","\/tmp\/phpjHiRT7","\/tmp\/phpasuX0A","\/tmp\/phpyghSJX","\/tmp\/phpA2fTle"],"error":[0,0,0,0,0],"size":[494803,247484,19548,93650,116711]}}
instructors 파일 데이터 발견
강사 0 이미지 처리 시작
파일 정보: 고윤정.webp, tmp: /tmp/phpHpvgld, error: 0
강사 0 이미지 업로드 성공: /assets/uploads/instructors/instructor_0_1750329731__________.webp
강사 1 이미지 처리 시작
파일 정보: 고윤정2.jpg, tmp: /tmp/phpdJf1OL, error: 0
강사 1 이미지 업로드 성공: /assets/uploads/instructors/instructor_1_1750329731__________2.jpg
=== handleInstructorImageUploads 함수 호출됨 ===
시간: 2025-06-19 19:45:08
FILES 키들: ["instructors","lecture_images"]
=== FILES 구조 상세 분석 ===
전체 FILES: {"instructors":{"name":[{"image":"\uace0\uc724\uc815.webp"},{"image":"\uace0\uc724\uc8152.jpg"}],"type":[{"image":"image\/webp"},{"image":"image\/jpeg"}],"tmp_name":[{"image":"\/tmp\/phpRPTa72"},{"image":"\/tmp\/php41wDWM"}],"error":[{"image":0},{"image":0}],"size":[{"image":33054},{"image":5879}]},"lecture_images":{"name":["\uace0\ud654\uc9c8.jpg","\ub85c\uace0 \ud615\ud0dc.png","\uba54\uc77c\ud0dd.png","\uc804\uc790\uc138\uae08\uacc4\uc0b0\uc11c.jpg","\uc9c1\uc778_\uc708\uce74\ub4dc.png"],"type":["image\/jpeg","image\/png","image\/png","image\/jpeg","image\/png"],"tmp_name":["\/tmp\/phpc00A6s","\/tmp\/phpOlQiIX","\/tmp\/phpdukaqd","\/tmp\/phpA6LAAQ","\/tmp\/phpg36nJR"],"error":[0,0,0,0,0],"size":[494803,247484,19548,93650,116711]}}
instructors 파일 데이터 발견
강사 0 이미지 처리 시작
파일 정보: 고윤정.webp, tmp: /tmp/phpRPTa72, error: 0
강사 0 이미지 업로드 성공: /assets/uploads/instructors/instructor_0_1750329908__________.webp
강사 1 이미지 처리 시작
파일 정보: 고윤정2.jpg, tmp: /tmp/php41wDWM, error: 0
강사 1 이미지 업로드 성공: /assets/uploads/instructors/instructor_1_1750329908__________2.jpg
=== handleInstructorImageUploads 함수 호출됨 ===
시간: 2025-06-19 20:16:35
FILES 키들: ["instructors","lecture_images"]
=== FILES 구조 상세 분석 ===
전체 FILES: {"instructors":{"name":[{"image":"\uace0\uc724\uc815.webp"}],"type":[{"image":"image\/webp"}],"tmp_name":[{"image":"\/tmp\/php4ZdWro"}],"error":[{"image":0}],"size":[{"image":33054}]},"lecture_images":{"name":["\uace0\ud654\uc9c8.jpg","\ub85c\uace0 \ud615\ud0dc.png","\uba54\uc77c\ud0dd.png"],"type":["image\/jpeg","image\/png","image\/png"],"tmp_name":["\/tmp\/phpNEtAN6","\/tmp\/phpJqbnUw","\/tmp\/phpS43Eoe"],"error":[0,0,0],"size":[494803,247484,19548]}}
instructors 파일 데이터 발견
강사 0 이미지 처리 시작
파일 정보: 고윤정.webp, tmp: /tmp/php4ZdWro, error: 0
강사 0 이미지 업로드 성공: /assets/uploads/instructors/instructor_0_1750331795__________.webp
=== handleInstructorImageUploads 함수 호출됨 ===
시간: 2025-06-19 20:36:39
FILES 키들: ["instructors","lecture_images"]
=== FILES 구조 상세 분석 ===
전체 FILES: {"instructors":{"name":[{"image":"\uace0\uc724\uc8152.jpg"}],"type":[{"image":"image\/jpeg"}],"tmp_name":[{"image":"\/tmp\/phpCzBAJA"}],"error":[{"image":0}],"size":[{"image":5879}]},"lecture_images":{"name":["\uace0\ud654\uc9c8.jpg","\ub85c\uace0 \ud615\ud0dc.png","\uba54\uc77c\ud0dd.png"],"type":["image\/jpeg","image\/png","image\/png"],"tmp_name":["\/tmp\/phpcJcIo2","\/tmp\/phprHvDZ8","\/tmp\/php1n9hxu"],"error":[0,0,0],"size":[494803,247484,19548]}}
instructors 파일 데이터 발견
강사 0 이미지 처리 시작
파일 정보: 고윤정2.jpg, tmp: /tmp/phpCzBAJA, error: 0
강사 0 이미지 업로드 성공: /assets/uploads/instructors/instructor_0_1750332999__________2.jpg
=== handleInstructorImageUploads 함수 호출됨 ===
시간: 2025-06-19 21:09:36
FILES 키들: ["instructors","lecture_images"]
=== FILES 구조 상세 분석 ===
전체 FILES: {"instructors":{"name":[{"image":"\uace0\uc724\uc815.webp"}],"type":[{"image":"image\/webp"}],"tmp_name":[{"image":"\/tmp\/phpYc0Msj"}],"error":[{"image":0}],"size":[{"image":33054}]},"lecture_images":{"name":["\uace0\ud654\uc9c8.jpg","\ub85c\uace0 \ud615\ud0dc.png","\uba54\uc77c\ud0dd.png"],"type":["image\/jpeg","image\/png","image\/png"],"tmp_name":["\/tmp\/phpuq5lqu","\/tmp\/phpzq6Fsn","\/tmp\/phpnAIYTa"],"error":[0,0,0],"size":[494803,247484,19548]}}
instructors 파일 데이터 발견
강사 0 이미지 처리 시작
파일 정보: 고윤정.webp, tmp: /tmp/phpYc0Msj, error: 0
강사 0 이미지 업로드 성공: /assets/uploads/instructors/instructor_0_1750334976_file_6853fe00b12db.webp
=== handleInstructorImageUploads 함수 호출됨 ===
시간: 2025-06-19 21:14:11
FILES 키들: ["instructors","lecture_images"]
=== FILES 구조 상세 분석 ===
전체 FILES: {"instructors":{"name":[{"image":"\uace0\uc724\uc815.webp"}],"type":[{"image":"image\/webp"}],"tmp_name":[{"image":"\/tmp\/phpZYzXMF"}],"error":[{"image":0}],"size":[{"image":33054}]},"lecture_images":{"name":["\uace0\ud654\uc9c8.jpg","\ub85c\uace0 \ud615\ud0dc.png","\uba54\uc77c\ud0dd.png"],"type":["image\/jpeg","image\/png","image\/png"],"tmp_name":["\/tmp\/phpZsWym9","\/tmp\/phpqw7ppz","\/tmp\/phpovZ04f"],"error":[0,0,0],"size":[494803,247484,19548]}}
instructors 파일 데이터 발견
강사 0 이미지 처리 시작
파일 정보: 고윤정.webp, tmp: /tmp/phpZYzXMF, error: 0
강사 0 이미지 업로드 성공: /assets/uploads/instructors/instructor_0_1750335251_file_6853ff13d2881.webp
=== handleInstructorImageUploads 함수 호출됨 ===
시간: 2025-06-19 21:30:57
FILES 키들: ["instructors","lecture_images"]
=== FILES 구조 상세 분석 ===
전체 FILES: {"instructors":{"name":[{"image":"\uace0\uc724\uc8152.jpg"}],"type":[{"image":"image\/jpeg"}],"tmp_name":[{"image":"\/tmp\/phpkcedJQ"}],"error":[{"image":0}],"size":[{"image":5879}]},"lecture_images":{"name":["\uace0\ud654\uc9c8.jpg","\ub85c\uace0 \ud615\ud0dc.png","\uba54\uc77c\ud0dd.png"],"type":["image\/jpeg","image\/png","image\/png"],"tmp_name":["\/tmp\/phpRvEzbY","\/tmp\/phpHr0Vw4","\/tmp\/phpS4eHXz"],"error":[0,0,0],"size":[494803,247484,19548]}}
instructors 파일 데이터 발견
강사 0 이미지 처리 시작
파일 정보: 고윤정2.jpg, tmp: /tmp/phpkcedJQ, error: 0
강사 0 이미지 업로드 성공: /assets/uploads/instructors/instructor_0_1750336257_file_68540301526c2.jpg
=== handleInstructorImageUploads 함수 호출됨 ===
시간: 2025-06-19 21:37:32
FILES 키들: ["instructors","lecture_images"]
=== FILES 구조 상세 분석 ===
전체 FILES: {"instructors":{"name":[{"image":"\uace0\uc724\uc815.webp"}],"type":[{"image":"image\/webp"}],"tmp_name":[{"image":"\/tmp\/phpOuZ4xZ"}],"error":[{"image":0}],"size":[{"image":33054}]},"lecture_images":{"name":["\uace0\ud654\uc9c8.jpg","\ub85c\uace0 \ud615\ud0dc.png","\uba54\uc77c\ud0dd.png"],"type":["image\/jpeg","image\/png","image\/png"],"tmp_name":["\/tmp\/phpAJ0FYR","\/tmp\/php1TZ3or","\/tmp\/phpYYDOET"],"error":[0,0,0],"size":[494803,247484,19548]}}
instructors 파일 데이터 발견
강사 0 이미지 처리 시작
파일 정보: 고윤정.webp, tmp: /tmp/phpOuZ4xZ, error: 0
강사 0 이미지 업로드 성공: /assets/uploads/instructors/instructor_0_1750336652_file_6854048ce3ac4.webp
=== handleInstructorImageUploads 함수 호출됨 ===
시간: 2025-06-19 21:41:10
FILES 키들: ["instructors","lecture_images"]
=== FILES 구조 상세 분석 ===
전체 FILES: {"instructors":{"name":[{"image":"\uace0\uc724\uc815.webp"}],"type":[{"image":"image\/webp"}],"tmp_name":[{"image":"\/tmp\/phpcDd9Dt"}],"error":[{"image":0}],"size":[{"image":33054}]},"lecture_images":{"name":["\uace0\ud654\uc9c8.jpg","\ub85c\uace0 \ud615\ud0dc.png","\uba54\uc77c\ud0dd.png"],"type":["image\/jpeg","image\/png","image\/png"],"tmp_name":["\/tmp\/phpdzt6lM","\/tmp\/phpcOz2hS","\/tmp\/phpHUkQcK"],"error":[0,0,0],"size":[494803,247484,19548]}}
instructors 파일 데이터 발견
강사 0 이미지 처리 시작
파일 정보: 고윤정.webp, tmp: /tmp/phpcDd9Dt, error: 0
강사 0 이미지 업로드 성공: /assets/uploads/instructors/instructor_0_1750336870_file_6854056692868.webp
=== handleInstructorImageUploads 함수 호출됨 ===
시간: 2025-06-19 22:43:23
FILES 키들: ["instructors","lecture_images"]
=== FILES 구조 상세 분석 ===
전체 FILES: {"instructors":{"name":[{"image":"\uace0\uc724\uc815.webp"}],"type":[{"image":"image\/webp"}],"tmp_name":[{"image":"\/tmp\/phpa4JMpp"}],"error":[{"image":0}],"size":[{"image":33054}]},"lecture_images":{"name":["\uace0\ud654\uc9c8.jpg","\ub85c\uace0 \ud615\ud0dc.png","\uba54\uc77c\ud0dd.png"],"type":["image\/jpeg","image\/png","image\/png"],"tmp_name":["\/tmp\/php8X1hSx","\/tmp\/phpusyNp1","\/tmp\/phphUeWPP"],"error":[0,0,0],"size":[494803,247484,19548]}}
instructors 파일 데이터 발견
강사 0 이미지 처리 시작
파일 정보: 고윤정.webp, tmp: /tmp/phpa4JMpp, error: 0
강사 0 이미지 업로드 성공: /assets/uploads/instructors/instructor_0_1750340603_file_685413fba2834.webp
=== handleInstructorImageUploads 함수 호출됨 ===
시간: 2025-06-19 22:44:53
FILES 키들: ["instructors","lecture_images"]
=== FILES 구조 상세 분석 ===
전체 FILES: {"instructors":{"name":[{"image":"\uace0\uc724\uc815.webp"}],"type":[{"image":"image\/webp"}],"tmp_name":[{"image":"\/tmp\/phpFMjF51"}],"error":[{"image":0}],"size":[{"image":33054}]},"lecture_images":{"name":["\uace0\ud654\uc9c8.jpg","\ub85c\uace0 \ud615\ud0dc.png","\uba54\uc77c\ud0dd.png"],"type":["image\/jpeg","image\/png","image\/png"],"tmp_name":["\/tmp\/phpJsBAuk","\/tmp\/php0Pajud","\/tmp\/phpkdjHO5"],"error":[0,0,0],"size":[494803,247484,19548]}}
instructors 파일 데이터 발견
강사 0 이미지 처리 시작
파일 정보: 고윤정.webp, tmp: /tmp/phpFMjF51, error: 0
강사 0 이미지 업로드 성공: /assets/uploads/instructors/instructor_0_1750340693_file_68541455cc67a.webp
=== handleInstructorImageUploads 함수 호출됨 ===
시간: 2025-06-19 22:59:47
FILES 키들: ["instructors","lecture_images"]
=== FILES 구조 상세 분석 ===
전체 FILES: {"instructors":{"name":[{"image":"\uace0\uc724\uc815.webp"}],"type":[{"image":"image\/webp"}],"tmp_name":[{"image":"\/tmp\/phpuenHvz"}],"error":[{"image":0}],"size":[{"image":33054}]},"lecture_images":{"name":["\uace0\ud654\uc9c8.jpg","\ub85c\uace0 \ud615\ud0dc.png","\uba54\uc77c\ud0dd.png"],"type":["image\/jpeg","image\/png","image\/png"],"tmp_name":["\/tmp\/phplvnsXc","\/tmp\/phpvOixRG","\/tmp\/phpj7mN8N"],"error":[0,0,0],"size":[494803,247484,19548]}}
instructors 파일 데이터 발견
강사 0 이미지 처리 시작
파일 정보: 고윤정.webp, tmp: /tmp/phpuenHvz, error: 0
강사 0 이미지 업로드 성공: /assets/uploads/instructors/instructor_0_1750341587_file_685417d3dfa27.webp
=== handleInstructorImageUploads 함수 호출됨 ===
시간: 2025-06-19 23:06:00
FILES 키들: ["instructors","lecture_images"]
=== FILES 구조 상세 분석 ===
전체 FILES: {"instructors":{"name":[{"image":"\uace0\uc724\uc815.webp"}],"type":[{"image":"image\/webp"}],"tmp_name":[{"image":"\/tmp\/phpbKLBLa"}],"error":[{"image":0}],"size":[{"image":33054}]},"lecture_images":{"name":["\uace0\ud654\uc9c8.jpg","\ub85c\uace0 \ud615\ud0dc.png","\uba54\uc77c\ud0dd.png"],"type":["image\/jpeg","image\/png","image\/png"],"tmp_name":["\/tmp\/phpraToc9","\/tmp\/phppV8dTZ","\/tmp\/php3FYeoN"],"error":[0,0,0],"size":[494803,247484,19548]}}
instructors 파일 데이터 발견
강사 0 이미지 처리 시작
파일 정보: 고윤정.webp, tmp: /tmp/phpbKLBLa, error: 0
강사 0 이미지 업로드 성공: /assets/uploads/instructors/instructor_0_1750341960_file_68541948cf09f.webp
=== handleInstructorImageUploads 함수 호출됨 ===
시간: 2025-06-21 15:32:12
FILES 키들: ["instructors","lecture_images"]
=== FILES 구조 상세 분석 ===
전체 FILES: {"instructors":{"name":[{"image":"KakaoTalk_20250621_144804430.jpg"},{"image":"KakaoTalk_20250621_144804430_01.jpg"}],"type":[{"image":"image\/jpeg"},{"image":"image\/jpeg"}],"tmp_name":[{"image":"\/tmp\/phpsdsNlS"},{"image":"\/tmp\/phpkimZnI"}],"error":[{"image":0},{"image":0}],"size":[{"image":1192808},{"image":944919}]},"lecture_images":{"name":["KakaoTalk_20250621_144804430.jpg","KakaoTalk_20250621_144804430_01.jpg","KakaoTalk_20250621_144804430_02.jpg","KakaoTalk_20250621_144804430_03.jpg","KakaoTalk_20250621_144804430_04.jpg"],"type":["image\/jpeg","image\/jpeg","image\/jpeg","image\/jpeg","image\/jpeg"],"tmp_name":["\/tmp\/phpXOhpr9","\/tmp\/php1hb6gF","\/tmp\/phpe1895n","\/tmp\/phpCXZ5yY","\/tmp\/phpJqUUi0"],"error":[0,0,0,0,0],"size":[1192808,944919,1384733,1275245,985272]}}
instructors 파일 데이터 발견
강사 0 이미지 처리 시작
파일 정보: KakaoTalk_20250621_144804430.jpg, tmp: /tmp/phpsdsNlS, error: 0
강사 0 이미지 업로드 성공: /assets/uploads/instructors/instructor_0_1750487532_KakaoTalk_20250621_144804430.jpg
강사 1 이미지 처리 시작
파일 정보: KakaoTalk_20250621_144804430_01.jpg, tmp: /tmp/phpkimZnI, error: 0
강사 1 이미지 업로드 성공: /assets/uploads/instructors/instructor_1_1750487532_KakaoTalk_20250621_144804430_01.jpg
=== handleInstructorImageUploads 함수 호출됨 ===
시간: 2025-06-21 15:49:18
FILES 키들: ["instructors","lecture_images"]
=== FILES 구조 상세 분석 ===
전체 FILES: {"instructors":{"name":[{"image":""},{"image":""}],"type":[{"image":""},{"image":""}],"tmp_name":[{"image":""},{"image":""}],"error":[{"image":4},{"image":4}],"size":[{"image":0},{"image":0}]},"lecture_images":{"name":[""],"type":[""],"tmp_name":[""],"error":[4],"size":[0]}}
instructors 파일 데이터 발견
=== handleInstructorImageUploads 함수 호출됨 ===
시간: 2025-06-21 15:50:04
FILES 키들: ["instructors","lecture_images"]
=== FILES 구조 상세 분석 ===
전체 FILES: {"instructors":{"name":[{"image":""},{"image":""}],"type":[{"image":""},{"image":""}],"tmp_name":[{"image":""},{"image":""}],"error":[{"image":4},{"image":4}],"size":[{"image":0},{"image":0}]},"lecture_images":{"name":[""],"type":[""],"tmp_name":[""],"error":[4],"size":[0]}}
instructors 파일 데이터 발견
=== handleInstructorImageUploads 함수 호출됨 ===
시간: 2025-06-21 15:58:35
FILES 키들: ["instructors","lecture_images"]
=== FILES 구조 상세 분석 ===
전체 FILES: {"instructors":{"name":[{"image":"KakaoTalk_20250621_144804430.jpg"},{"image":"KakaoTalk_20250621_144804430_01.jpg"}],"type":[{"image":"image\/jpeg"},{"image":"image\/jpeg"}],"tmp_name":[{"image":"\/tmp\/phph2AmbV"},{"image":"\/tmp\/phpGpL1FU"}],"error":[{"image":0},{"image":0}],"size":[{"image":1192808},{"image":944919}]},"lecture_images":{"name":["KakaoTalk_20250621_144804430.jpg","KakaoTalk_20250621_144804430_01.jpg","KakaoTalk_20250621_144804430_02.jpg","KakaoTalk_20250621_144804430_03.jpg","KakaoTalk_20250621_144804430_04.jpg"],"type":["image\/jpeg","image\/jpeg","image\/jpeg","image\/jpeg","image\/jpeg"],"tmp_name":["\/tmp\/phpaBvjU8","\/tmp\/phplyNYWs","\/tmp\/php8I4RaM","\/tmp\/phpBbU7NR","\/tmp\/phpJ0oYnN"],"error":[0,0,0,0,0],"size":[1192808,944919,1384733,1275245,985272]}}
instructors 파일 데이터 발견
강사 0 이미지 처리 시작
파일 정보: KakaoTalk_20250621_144804430.jpg, tmp: /tmp/phph2AmbV, error: 0
강사 0 이미지 업로드 성공: /assets/uploads/instructors/instructor_0_1750489115_KakaoTalk_20250621_144804430.jpg
강사 1 이미지 처리 시작
파일 정보: KakaoTalk_20250621_144804430_01.jpg, tmp: /tmp/phpGpL1FU, error: 0
강사 1 이미지 업로드 성공: /assets/uploads/instructors/instructor_1_1750489115_KakaoTalk_20250621_144804430_01.jpg
=== handleInstructorImageUploads 함수 호출됨 ===
시간: 2025-06-21 16:02:35
FILES 키들: ["instructors","lecture_images"]
=== FILES 구조 상세 분석 ===
전체 FILES: {"instructors":{"name":[{"image":""},{"image":""}],"type":[{"image":""},{"image":""}],"tmp_name":[{"image":""},{"image":""}],"error":[{"image":4},{"image":4}],"size":[{"image":0},{"image":0}]},"lecture_images":{"name":[""],"type":[""],"tmp_name":[""],"error":[4],"size":[0]}}
instructors 파일 데이터 발견
=== handleInstructorImageUploads 함수 호출됨 ===
시간: 2025-06-21 16:21:10
FILES 키들: ["instructors","lecture_images"]
=== FILES 구조 상세 분석 ===
전체 FILES: {"instructors":{"name":[{"image":""},{"image":""}],"type":[{"image":""},{"image":""}],"tmp_name":[{"image":""},{"image":""}],"error":[{"image":4},{"image":4}],"size":[{"image":0},{"image":0}]},"lecture_images":{"name":[""],"type":[""],"tmp_name":[""],"error":[4],"size":[0]}}
instructors 파일 데이터 발견
=== handleInstructorImageUploads 함수 호출됨 ===
시간: 2025-06-21 16:21:26
FILES 키들: ["instructors","lecture_images"]
=== FILES 구조 상세 분석 ===
전체 FILES: {"instructors":{"name":[{"image":""},{"image":""}],"type":[{"image":""},{"image":""}],"tmp_name":[{"image":""},{"image":""}],"error":[{"image":4},{"image":4}],"size":[{"image":0},{"image":0}]},"lecture_images":{"name":[""],"type":[""],"tmp_name":[""],"error":[4],"size":[0]}}
instructors 파일 데이터 발견
=== handleInstructorImageUploads 함수 호출됨 ===
시간: 2025-06-21 16:46:15
FILES 키들: ["instructors","lecture_images"]
=== FILES 구조 상세 분석 ===
전체 FILES: {"instructors":{"name":[{"image":"KakaoTalk_20250621_144804430.jpg"},{"image":"KakaoTalk_20250621_144804430_01.jpg"}],"type":[{"image":"image\/jpeg"},{"image":"image\/jpeg"}],"tmp_name":[{"image":"\/tmp\/phpgBMMEN"},{"image":"\/tmp\/php0fO2dA"}],"error":[{"image":0},{"image":0}],"size":[{"image":1192808},{"image":944919}]},"lecture_images":{"name":["KakaoTalk_20250621_144804430.jpg","KakaoTalk_20250621_144804430_01.jpg","KakaoTalk_20250621_144804430_02.jpg","KakaoTalk_20250621_144804430_03.jpg","KakaoTalk_20250621_144804430_04.jpg"],"type":["image\/jpeg","image\/jpeg","image\/jpeg","image\/jpeg","image\/jpeg"],"tmp_name":["\/tmp\/php77j207","\/tmp\/phpsxUbzS","\/tmp\/phpcMoYsx","\/tmp\/phpWZoobn","\/tmp\/phppesOKI"],"error":[0,0,0,0,0],"size":[1192808,944919,1384733,1275245,985272]}}
instructors 파일 데이터 발견
강사 0 이미지 처리 시작
파일 정보: KakaoTalk_20250621_144804430.jpg, tmp: /tmp/phpgBMMEN, error: 0
강사 0 이미지 업로드 성공: /assets/uploads/instructors/instructor_0_1750491975_KakaoTalk_20250621_144804430.jpg
강사 1 이미지 처리 시작
파일 정보: KakaoTalk_20250621_144804430_01.jpg, tmp: /tmp/php0fO2dA, error: 0
강사 1 이미지 업로드 성공: /assets/uploads/instructors/instructor_1_1750491975_KakaoTalk_20250621_144804430_01.jpg
=== handleInstructorImageUploads 함수 호출됨 ===
시간: 2025-06-21 16:46:32
FILES 키들: ["instructors","lecture_images"]
=== FILES 구조 상세 분석 ===
전체 FILES: {"instructors":{"name":[{"image":""},{"image":""}],"type":[{"image":""},{"image":""}],"tmp_name":[{"image":""},{"image":""}],"error":[{"image":4},{"image":4}],"size":[{"image":0},{"image":0}]},"lecture_images":{"name":[""],"type":[""],"tmp_name":[""],"error":[4],"size":[0]}}
instructors 파일 데이터 발견
=== handleInstructorImageUploads 함수 호출됨 ===
시간: 2025-06-21 16:50:19
FILES 키들: ["instructors","lecture_images"]
=== FILES 구조 상세 분석 ===
전체 FILES: {"instructors":{"name":[{"image":"KakaoTalk_20250621_144804430.jpg"},{"image":"KakaoTalk_20250621_144804430_01.jpg"}],"type":[{"image":"image\/jpeg"},{"image":"image\/jpeg"}],"tmp_name":[{"image":"\/tmp\/phpuA9srX"},{"image":"\/tmp\/phpaw3CHg"}],"error":[{"image":0},{"image":0}],"size":[{"image":1192808},{"image":944919}]},"lecture_images":{"name":["KakaoTalk_20250621_144804430.jpg","KakaoTalk_20250621_144804430_01.jpg","KakaoTalk_20250621_144804430_02.jpg","KakaoTalk_20250621_144804430_03.jpg","KakaoTalk_20250621_144804430_04.jpg"],"type":["image\/jpeg","image\/jpeg","image\/jpeg","image\/jpeg","image\/jpeg"],"tmp_name":["\/tmp\/phpbjD79V","\/tmp\/phpP0SRQK","\/tmp\/phpozBdAB","\/tmp\/phpYTp9E0","\/tmp\/phpwDKGUe"],"error":[0,0,0,0,0],"size":[1192808,944919,1384733,1275245,985272]}}
instructors 파일 데이터 발견
강사 0 이미지 처리 시작
파일 정보: KakaoTalk_20250621_144804430.jpg, tmp: /tmp/phpuA9srX, error: 0
강사 0 이미지 업로드 성공: /assets/uploads/instructors/instructor_0_1750492219_KakaoTalk_20250621_144804430.jpg
강사 1 이미지 처리 시작
파일 정보: KakaoTalk_20250621_144804430_01.jpg, tmp: /tmp/phpaw3CHg, error: 0
강사 1 이미지 업로드 성공: /assets/uploads/instructors/instructor_1_1750492219_KakaoTalk_20250621_144804430_01.jpg
=== handleInstructorImageUploads 함수 호출됨 ===
시간: 2025-06-21 16:50:32
FILES 키들: ["instructors","lecture_images"]
=== FILES 구조 상세 분석 ===
전체 FILES: {"instructors":{"name":[{"image":""},{"image":""}],"type":[{"image":""},{"image":""}],"tmp_name":[{"image":""},{"image":""}],"error":[{"image":4},{"image":4}],"size":[{"image":0},{"image":0}]},"lecture_images":{"name":[""],"type":[""],"tmp_name":[""],"error":[4],"size":[0]}}
instructors 파일 데이터 발견
=== handleInstructorImageUploads 함수 호출됨 ===
시간: 2025-06-21 16:54:57
FILES 키들: ["instructors","lecture_images"]
=== FILES 구조 상세 분석 ===
전체 FILES: {"instructors":{"name":[{"image":"KakaoTalk_20250621_144804430.jpg"},{"image":"KakaoTalk_20250621_144804430_01.jpg"}],"type":[{"image":"image\/jpeg"},{"image":"image\/jpeg"}],"tmp_name":[{"image":"\/tmp\/phpoZQMx1"},{"image":"\/tmp\/phpDw7To5"}],"error":[{"image":0},{"image":0}],"size":[{"image":1192808},{"image":944919}]},"lecture_images":{"name":["KakaoTalk_20250621_144804430.jpg","KakaoTalk_20250621_144804430_01.jpg","KakaoTalk_20250621_144804430_02.jpg","KakaoTalk_20250621_144804430_03.jpg","KakaoTalk_20250621_144804430_04.jpg"],"type":["image\/jpeg","image\/jpeg","image\/jpeg","image\/jpeg","image\/jpeg"],"tmp_name":["\/tmp\/phpHLrJTM","\/tmp\/phpvWPLXR","\/tmp\/phptLC0Q2","\/tmp\/phpfAoK4Q","\/tmp\/php37eoXC"],"error":[0,0,0,0,0],"size":[1192808,944919,1384733,1275245,985272]}}
instructors 파일 데이터 발견
강사 0 이미지 처리 시작
파일 정보: KakaoTalk_20250621_144804430.jpg, tmp: /tmp/phpoZQMx1, error: 0
강사 0 이미지 업로드 성공: /assets/uploads/instructors/instructor_0_1750492497_KakaoTalk_20250621_144804430.jpg
강사 1 이미지 처리 시작
파일 정보: KakaoTalk_20250621_144804430_01.jpg, tmp: /tmp/phpDw7To5, error: 0
강사 1 이미지 업로드 성공: /assets/uploads/instructors/instructor_1_1750492497_KakaoTalk_20250621_144804430_01.jpg
=== handleInstructorImageUploads 함수 호출됨 ===
시간: 2025-06-21 17:35:19
FILES 키들: ["instructors","lecture_images"]
=== FILES 구조 상세 분석 ===
전체 FILES: {"instructors":{"name":[{"image":""},{"image":""}],"type":[{"image":""},{"image":""}],"tmp_name":[{"image":""},{"image":""}],"error":[{"image":4},{"image":4}],"size":[{"image":0},{"image":0}]},"lecture_images":{"name":[""],"type":[""],"tmp_name":[""],"error":[4],"size":[0]}}
instructors 파일 데이터 발견
=== handleInstructorImageUploads 함수 호출됨 ===
시간: 2025-06-21 17:48:07
FILES 키들: ["instructors","lecture_images"]
=== FILES 구조 상세 분석 ===
전체 FILES: {"instructors":{"name":[{"image":""},{"image":""}],"type":[{"image":""},{"image":""}],"tmp_name":[{"image":""},{"image":""}],"error":[{"image":4},{"image":4}],"size":[{"image":0},{"image":0}]},"lecture_images":{"name":[""],"type":[""],"tmp_name":[""],"error":[4],"size":[0]}}
instructors 파일 데이터 발견
=== handleInstructorImageUploads 함수 호출됨 ===
시간: 2025-06-21 17:57:27
FILES 키들: ["instructors","lecture_images"]
=== FILES 구조 상세 분석 ===
전체 FILES: {"instructors":{"name":[{"image":""},{"image":""}],"type":[{"image":""},{"image":""}],"tmp_name":[{"image":""},{"image":""}],"error":[{"image":4},{"image":4}],"size":[{"image":0},{"image":0}]},"lecture_images":{"name":[""],"type":[""],"tmp_name":[""],"error":[4],"size":[0]}}
instructors 파일 데이터 발견
