{"timestamp":"2025-06-19 09:10:15","action":"store_request","method":"POST","isDraft":true,"registration_deadline":"2025-06-21T00:12","youtube_video":"https:\/\/www.youtube.com\/watch?v=cmozBFp7Xv8","status":"draft","title":"\u3141\u3134\u3147\u3141\u3134\u3147\u3141\u3134\u3147\u3141\u3134\u3147\u3134\u3141\u3147"}
{"timestamp":"2025-06-19 09:10:15","action":"branch_decision","user_id":4,"draftLecture_exists":false,"draftLecture_id":null,"status_is_draft":true,"final_registration_deadline":"2025-06-21 00:12:00","final_youtube_video":"https:\/\/www.youtube.com\/watch?v=cmozBFp7Xv8"}
{"timestamp":"2025-06-19 09:10:15","action":"calling_createLecture"}
{"timestamp":"2025-06-19 09:16:22","action":"store_request","method":"POST","isDraft":true,"registration_deadline":"2025-06-20T15:12","youtube_video":"https:\/\/www.youtube.com\/watch?v=cmozBFp7Xv8","status":"draft","title":"\u3141\u3134\u3147\u3141\u3134\u3147\u3141\u3134\u3147\u3141\u3134\u3147\u3134\u3141\u3147"}
{"timestamp":"2025-06-19 09:16:22","action":"branch_decision","user_id":4,"draftLecture_exists":true,"draftLecture_id":131,"status_is_draft":true,"final_registration_deadline":"2025-06-20 15:12:00","final_youtube_video":"https:\/\/www.youtube.com\/watch?v=cmozBFp7Xv8"}
{"timestamp":"2025-06-19 09:16:22","action":"calling_updateLecture","lecture_id":131}
{"timestamp":"2025-06-19 09:16:22","action":"updateLecture_result","lecture_id":131,"affected_rows":1,"registration_deadline_param":"2025-06-20 15:12:00","youtube_video_param":"https:\/\/www.youtube.com\/watch?v=cmozBFp7Xv8"}
{"timestamp":"2025-06-19 09:16:22","action":"actual_saved_data","lecture_id":131,"saved_registration_deadline":"2025-06-20 15:12:00","saved_youtube_video":"https:\/\/www.youtube.com\/watch?v=cmozBFp7Xv8","saved_updated_at":"2025-06-19 09:16:22"}
{"timestamp":"2025-06-19 09:35:13","action":"store_request","method":"POST","isDraft":true,"registration_deadline":"2025-06-20T06:12","youtube_video":"https:\/\/www.youtube.com\/watch?v=cmozBFp7Xv8","status":"draft","title":"\u3141\u3134\u3147\u3141\u3134\u3147\u3141\u3134\u3147\u3141\u3134\u3147\u3134\u3141\u3147"}
{"timestamp":"2025-06-19 09:35:13","action":"branch_decision","user_id":4,"draftLecture_exists":true,"draftLecture_id":131,"status_is_draft":true,"final_registration_deadline":"2025-06-20 06:12:00","final_youtube_video":"https:\/\/www.youtube.com\/watch?v=cmozBFp7Xv8"}
{"timestamp":"2025-06-19 09:35:13","action":"calling_updateLecture","lecture_id":131}
{"timestamp":"2025-06-19 09:35:13","action":"updateLecture_result","lecture_id":131,"affected_rows":1,"registration_deadline_param":"2025-06-20 06:12:00","youtube_video_param":"https:\/\/www.youtube.com\/watch?v=cmozBFp7Xv8"}
{"timestamp":"2025-06-19 09:35:13","action":"actual_saved_data","lecture_id":131,"saved_registration_deadline":"2025-06-20 06:12:00","saved_youtube_video":"https:\/\/www.youtube.com\/watch?v=cmozBFp7Xv8","saved_updated_at":"2025-06-19 09:35:13"}
{"timestamp":"2025-06-19 18:22:11","action":"store_request","method":"POST","isDraft":true,"registration_deadline":"2025-06-20T14:17","youtube_video":"https:\/\/www.youtube.com\/watch?v=cmozBFp7Xv8","status":"draft","title":"\u3141\u3134\u3147\u3141\u3134\u3147\u3141\u3134\u3147\u3141\u3134\u3147\u3134\u3141\u3147"}
{"timestamp":"2025-06-19 18:22:11","action":"branch_decision","user_id":4,"draftLecture_exists":true,"draftLecture_id":131,"status_is_draft":true,"final_registration_deadline":"2025-06-20 14:17:00","final_youtube_video":"https:\/\/www.youtube.com\/watch?v=cmozBFp7Xv8"}
{"timestamp":"2025-06-19 18:22:11","action":"calling_updateLecture","lecture_id":131}
{"timestamp":"2025-06-19 18:22:11","action":"updateLecture_result","lecture_id":131,"affected_rows":1,"registration_deadline_param":"2025-06-20 14:17:00","youtube_video_param":"https:\/\/www.youtube.com\/watch?v=cmozBFp7Xv8"}
{"timestamp":"2025-06-19 18:22:11","action":"actual_saved_data","lecture_id":131,"saved_registration_deadline":"2025-06-20 14:17:00","saved_youtube_video":"https:\/\/www.youtube.com\/watch?v=cmozBFp7Xv8","saved_updated_at":"2025-06-19 18:22:11"}
{"timestamp":"2025-06-19 18:22:21","action":"store_request","method":"POST","isDraft":false,"registration_deadline":"2025-06-20T14:17","youtube_video":"https:\/\/www.youtube.com\/watch?v=cmozBFp7Xv8","status":"published","title":"\u3141\u3134\u3147\u3141\u3134\u3147\u3141\u3134\u3147\u3141\u3134\u3147\u3134\u3141\u3147"}
{"timestamp":"2025-06-19 18:22:21","action":"branch_decision","user_id":4,"draftLecture_exists":true,"draftLecture_id":131,"status_is_draft":false,"final_registration_deadline":"2025-06-20 14:17:00","final_youtube_video":"https:\/\/www.youtube.com\/watch?v=cmozBFp7Xv8"}
{"timestamp":"2025-06-19 18:22:21","action":"calling_createLecture"}
{"timestamp":"2025-06-19 19:42:11","action":"store_request","method":"POST","isDraft":false,"registration_deadline":"2025-06-21T22:44","youtube_video":"https:\/\/www.youtube.com\/watch?v=cmozBFp7Xv8","status":"published","title":"\u3141\u3134\u3147\u3141\u3134\u3147\u3134\u3141\u3147\u3134\u3141\u3147\u3134\u3141\u3147"}
{"timestamp":"2025-06-19 19:45:08","action":"store_request","method":"POST","isDraft":false,"registration_deadline":"2025-06-21T21:46","youtube_video":"https:\/\/www.youtube.com\/watch?v=cmozBFp7Xv8","status":"published","title":"\u3141\u3134\u3147\u3141\u3134\u3147\u3134\u3141\u3147\u3141\u3134\u3147\u3141\u3134\u3147\u3141\u3134\u3147\u3141\u3134"}
{"timestamp":"2025-06-19 19:45:08","action":"branch_decision","user_id":4,"draftLecture_exists":false,"draftLecture_id":null,"status_is_draft":false,"final_registration_deadline":"2025-06-21 21:46:00","final_youtube_video":"https:\/\/www.youtube.com\/watch?v=cmozBFp7Xv8"}
{"timestamp":"2025-06-19 19:45:08","action":"calling_createLecture"}
{"timestamp":"2025-06-19 20:16:35","action":"store_request","method":"POST","isDraft":false,"registration_deadline":"2025-06-21T12:20","youtube_video":"https:\/\/www.youtube.com\/watch?v=cmozBFp7Xv8","status":"published","title":"\u3141\u3134\u3147\u3141\u3134\u3147\u3141\u3147\u3141\u3134\u3147\u3134\u3141\u3141\u3134\u3147\u3134\u3141\u3134\u3141\u3147\u3134\u3141"}
{"timestamp":"2025-06-19 20:16:35","action":"branch_decision","user_id":4,"draftLecture_exists":false,"draftLecture_id":null,"status_is_draft":false,"final_registration_deadline":"2025-06-21 12:20:00","final_youtube_video":"https:\/\/www.youtube.com\/watch?v=cmozBFp7Xv8"}
{"timestamp":"2025-06-19 20:16:35","action":"calling_createLecture"}
{"timestamp":"2025-06-19 20:36:39","action":"store_request","method":"POST","isDraft":false,"registration_deadline":"2025-06-19T22:38","youtube_video":"https:\/\/www.youtube.com\/watch?v=cmozBFp7Xv8","status":"published","title":"\u3141\u3134\u3147\u3141\u3134\u3147\u3134\u3141\u3147\u3141\u3134\u3147\u3134\u3141\u3147"}
{"timestamp":"2025-06-19 20:36:39","action":"branch_decision","user_id":4,"draftLecture_exists":false,"draftLecture_id":null,"status_is_draft":false,"final_registration_deadline":"2025-06-19 22:38:00","final_youtube_video":"https:\/\/www.youtube.com\/watch?v=cmozBFp7Xv8"}
{"timestamp":"2025-06-19 20:36:39","action":"calling_createLecture"}
{"timestamp":"2025-06-19 21:09:36","action":"store_request","method":"POST","isDraft":false,"registration_deadline":"2025-06-22T21:21","youtube_video":"https:\/\/www.youtube.com\/watch?v=cmozBFp7Xv8","status":"published","title":"\u3141\u3147\u3134\u3141\u3147\u3134\u3141\u3134\u3141\u3147\u3134\u3141\u3147\u3141\u3134"}
{"timestamp":"2025-06-19 21:09:36","action":"branch_decision","user_id":4,"draftLecture_exists":false,"draftLecture_id":null,"status_is_draft":false,"final_registration_deadline":"2025-06-22 21:21:00","final_youtube_video":"https:\/\/www.youtube.com\/watch?v=cmozBFp7Xv8"}
{"timestamp":"2025-06-19 21:09:36","action":"calling_createLecture"}
{"timestamp":"2025-06-19 21:14:11","action":"store_request","method":"POST","isDraft":false,"registration_deadline":"2025-06-22T14:18","youtube_video":"https:\/\/www.youtube.com\/watch?v=cmozBFp7Xv8","status":"published","title":"\u3141\u3134\u3147\u3141\u3147\u3134\u3147\u3141\u3134\u3141\u3147\u3134\u3141"}
{"timestamp":"2025-06-19 21:14:11","action":"branch_decision","user_id":4,"draftLecture_exists":false,"draftLecture_id":null,"status_is_draft":false,"final_registration_deadline":"2025-06-22 14:18:00","final_youtube_video":"https:\/\/www.youtube.com\/watch?v=cmozBFp7Xv8"}
{"timestamp":"2025-06-19 21:14:11","action":"calling_createLecture"}
{"timestamp":"2025-06-19 21:30:57","action":"store_request","method":"POST","isDraft":false,"registration_deadline":"2025-06-21T23:32","youtube_video":"https:\/\/www.youtube.com\/watch?v=cmozBFp7Xv8","status":"published","title":"\u3141\u3134\u3147\u3141\u3134\u3147\u3134\u3141\u3147\u3134\u3141\u3147"}
{"timestamp":"2025-06-19 21:30:57","action":"branch_decision","user_id":4,"draftLecture_exists":false,"draftLecture_id":null,"status_is_draft":false,"final_registration_deadline":"2025-06-21 23:32:00","final_youtube_video":"https:\/\/www.youtube.com\/watch?v=cmozBFp7Xv8"}
{"timestamp":"2025-06-19 21:30:57","action":"calling_createLecture"}
{"timestamp":"2025-06-19 21:37:32","action":"store_request","method":"POST","isDraft":false,"registration_deadline":"2025-06-21T12:40","youtube_video":"https:\/\/www.youtube.com\/watch?v=cmozBFp7Xv8","status":"published","title":"asdasdasd"}
{"timestamp":"2025-06-19 21:37:32","action":"branch_decision","user_id":4,"draftLecture_exists":false,"draftLecture_id":null,"status_is_draft":false,"final_registration_deadline":"2025-06-21 12:40:00","final_youtube_video":"https:\/\/www.youtube.com\/watch?v=cmozBFp7Xv8"}
{"timestamp":"2025-06-19 21:37:32","action":"calling_createLecture"}
{"timestamp":"2025-06-19 21:41:10","action":"store_request","method":"POST","isDraft":false,"registration_deadline":"2025-06-21T18:49","youtube_video":"https:\/\/www.youtube.com\/watch?v=cmozBFp7Xv8","status":"published","title":"asdsaddadsadsadsa"}
{"timestamp":"2025-06-19 21:41:10","action":"branch_decision","user_id":4,"draftLecture_exists":false,"draftLecture_id":null,"status_is_draft":false,"final_registration_deadline":"2025-06-21 18:49:00","final_youtube_video":"https:\/\/www.youtube.com\/watch?v=cmozBFp7Xv8"}
{"timestamp":"2025-06-19 21:41:10","action":"calling_createLecture"}
{"timestamp":"2025-06-19 22:43:23","action":"store_request","method":"POST","isDraft":false,"registration_deadline":"2025-06-21T13:46","youtube_video":"https:\/\/www.youtube.com\/watch?v=cmozBFp7Xv8","status":"published","title":"\u3141\u3134\u3147\u3141\u3134\u3147\u3141\u3134\u3134\u3141\u3147\u3141\u3134"}
{"timestamp":"2025-06-19 22:43:23","action":"branch_decision","user_id":4,"draftLecture_exists":false,"draftLecture_id":null,"status_is_draft":false,"final_registration_deadline":"2025-06-21 13:46:00","final_youtube_video":"https:\/\/www.youtube.com\/watch?v=cmozBFp7Xv8"}
{"timestamp":"2025-06-19 22:43:23","action":"calling_createLecture"}
{"timestamp":"2025-06-19 22:44:53","action":"store_request","method":"POST","isDraft":false,"registration_deadline":"2025-06-20T16:50","youtube_video":"https:\/\/www.youtube.com\/watch?v=cmozBFp7Xv8","status":"published","title":"asdsadsaasdsad"}
{"timestamp":"2025-06-19 22:44:53","action":"branch_decision","user_id":4,"draftLecture_exists":false,"draftLecture_id":null,"status_is_draft":false,"final_registration_deadline":"2025-06-20 16:50:00","final_youtube_video":"https:\/\/www.youtube.com\/watch?v=cmozBFp7Xv8"}
{"timestamp":"2025-06-19 22:44:53","action":"calling_createLecture"}
{"timestamp":"2025-06-19 22:59:47","action":"store_request","method":"POST","isDraft":false,"registration_deadline":"2025-06-21T19:08","youtube_video":"https:\/\/www.youtube.com\/watch?v=cmozBFp7Xv8","status":"published","title":"asdasdsadasdasdada"}
{"timestamp":"2025-06-19 22:59:47","action":"branch_decision","user_id":4,"draftLecture_exists":false,"draftLecture_id":null,"status_is_draft":false,"final_registration_deadline":"2025-06-21 19:08:00","final_youtube_video":"https:\/\/www.youtube.com\/watch?v=cmozBFp7Xv8"}
{"timestamp":"2025-06-19 22:59:47","action":"calling_createLecture"}
{"timestamp":"2025-06-19 23:06:00","action":"store_request","method":"POST","isDraft":false,"registration_deadline":"2025-06-21T14:08","youtube_video":"https:\/\/www.youtube.com\/watch?v=cmozBFp7Xv8","status":"published","title":"asdadsdasdsadasdasdasdadsdasdsadasdasd"}
{"timestamp":"2025-06-19 23:06:00","action":"branch_decision","user_id":4,"draftLecture_exists":false,"draftLecture_id":null,"status_is_draft":false,"final_registration_deadline":"2025-06-21 14:08:00","final_youtube_video":"https:\/\/www.youtube.com\/watch?v=cmozBFp7Xv8"}
{"timestamp":"2025-06-19 23:06:00","action":"calling_createLecture"}
