[2025-07-01 21:18:09] [INFO] === 울트라 디버깅 세션 시작 ===
[2025-07-01 21:18:09] [INFO] 사용자 IP: 221.151.18.16
[2025-07-01 21:18:09] [INFO] 사용자 Agent: Mozilla/5.0 (Windows NT 10.0; Win64; x64) AppleWebKit/537.36 (KHTML, like Gecko) Chrome/137.0.0.0 Safari/537.36
[2025-07-01 21:18:09] [INFO] 요청 URI: /ultra_debug.php
[2025-07-01 21:18:09] [INFO] 서버 로그 분석 시작
[2025-07-01 21:18:09] [INFO] 발견된 로그 파일: /var/log/php-fpm/www-error.log (PHP-FPM Error Log)
[2025-07-01 21:18:09] [INFO] 발견된 로그 파일: /var/www/html/topmkt/public/../logs/topmkt_errors.log (TopMKT Custom Log)
[2025-07-01 21:18:09] [INFO] 발견된 로그 파일: /var/www/html/topmkt/public/debug_ultra.log (Ultra Debug Log)
[2025-07-01 21:18:13] [INFO] === 울트라 디버깅 세션 시작 ===
[2025-07-01 21:18:13] [INFO] 사용자 IP: 221.151.18.16
[2025-07-01 21:18:13] [INFO] 사용자 Agent: Mozilla/4.0 (compatible; MSIE 7.0; Windows NT 6.2; WOW64; Trident/7.0; .NET4.0C; .NET4.0E; .NET CLR 2.0.50727; .NET CLR 3.0.30729; .NET CLR 3.5.30729; Tablet PC 2.0; Zoom 3.6.0; Zoom 3.6.0)
[2025-07-01 21:18:13] [INFO] 요청 URI: /ultra_debug.php
[2025-07-01 21:18:13] [INFO] 서버 로그 분석 시작
[2025-07-01 21:18:13] [INFO] 발견된 로그 파일: /var/log/php-fpm/www-error.log (PHP-FPM Error Log)
[2025-07-01 21:18:13] [INFO] 발견된 로그 파일: /var/www/html/topmkt/public/../logs/topmkt_errors.log (TopMKT Custom Log)
[2025-07-01 21:18:13] [INFO] 발견된 로그 파일: /var/www/html/topmkt/public/debug_ultra.log (Ultra Debug Log)
[2025-07-01 21:20:49] [INFO] === 울트라 디버깅 세션 시작 ===
[2025-07-01 21:20:49] [INFO] 사용자 IP: 221.151.18.16
[2025-07-01 21:20:49] [INFO] 사용자 Agent: Mozilla/5.0 (Windows NT 10.0; Win64; x64) AppleWebKit/537.36 (KHTML, like Gecko) Chrome/137.0.0.0 Safari/537.36
[2025-07-01 21:20:49] [INFO] 요청 URI: /ultra_debug.php
[2025-07-01 21:20:49] [INFO] 서버 로그 분석 시작
[2025-07-01 21:20:49] [INFO] 발견된 로그 파일: /var/log/php-fpm/www-error.log (PHP-FPM Error Log)
[2025-07-01 21:20:49] [INFO] 발견된 로그 파일: /var/www/html/topmkt/public/../logs/topmkt_errors.log (TopMKT Custom Log)
[2025-07-01 21:20:49] [INFO] 발견된 로그 파일: /var/www/html/topmkt/public/debug_ultra.log (Ultra Debug Log)
[2025-07-01 21:20:52] [INFO] === 울트라 디버깅 세션 시작 ===
[2025-07-01 21:20:52] [INFO] 사용자 IP: 221.151.18.16
[2025-07-01 21:20:52] [INFO] 사용자 Agent: Mozilla/5.0 (Windows NT 10.0; Win64; x64) AppleWebKit/537.36 (KHTML, like Gecko) Chrome/137.0.0.0 Safari/537.36
[2025-07-01 21:20:52] [INFO] 요청 URI: /ultra_debug.php
[2025-07-01 21:20:52] [INFO] 서버 로그 분석 시작
[2025-07-01 21:20:52] [INFO] 발견된 로그 파일: /var/log/php-fpm/www-error.log (PHP-FPM Error Log)
[2025-07-01 21:20:52] [INFO] 발견된 로그 파일: /var/www/html/topmkt/public/../logs/topmkt_errors.log (TopMKT Custom Log)
[2025-07-01 21:20:52] [INFO] 발견된 로그 파일: /var/www/html/topmkt/public/debug_ultra.log (Ultra Debug Log)
[2025-07-01 21:20:54] [INFO] === 울트라 디버깅 세션 시작 ===
[2025-07-01 21:20:54] [INFO] 사용자 IP: 221.151.18.16
[2025-07-01 21:20:54] [INFO] 사용자 Agent: Mozilla/5.0 (Windows NT 10.0; Win64; x64) AppleWebKit/537.36 (KHTML, like Gecko) Chrome/137.0.0.0 Safari/537.36
[2025-07-01 21:20:54] [INFO] 요청 URI: /ultra_debug.php
[2025-07-01 21:20:54] [INFO] 서버 로그 분석 시작
[2025-07-01 21:20:54] [INFO] 발견된 로그 파일: /var/log/php-fpm/www-error.log (PHP-FPM Error Log)
[2025-07-01 21:20:54] [INFO] 발견된 로그 파일: /var/www/html/topmkt/public/../logs/topmkt_errors.log (TopMKT Custom Log)
[2025-07-01 21:20:54] [INFO] 발견된 로그 파일: /var/www/html/topmkt/public/debug_ultra.log (Ultra Debug Log)
[2025-07-01 21:25:01] [INFO] === 울트라 디버깅 세션 시작 ===
[2025-07-01 21:25:01] [INFO] 사용자 IP: 221.151.18.16
[2025-07-01 21:25:01] [INFO] 사용자 Agent: Mozilla/5.0 (Windows NT 10.0; Win64; x64) AppleWebKit/537.36 (KHTML, like Gecko) Chrome/137.0.0.0 Safari/537.36
[2025-07-01 21:25:01] [INFO] 요청 URI: /ultra_debug.php
[2025-07-01 21:25:01] [INFO] 서버 로그 분석 시작
[2025-07-01 21:25:01] [INFO] 발견된 로그 파일: /var/log/php-fpm/www-error.log (PHP-FPM Error Log)
[2025-07-01 21:25:01] [INFO] 발견된 로그 파일: /var/www/html/topmkt/public/../logs/topmkt_errors.log (TopMKT Custom Log)
[2025-07-01 21:25:01] [INFO] 발견된 로그 파일: /var/www/html/topmkt/public/debug_ultra.log (Ultra Debug Log)
[2025-07-01 21:26:01] [INFO] === 수정된 울트라 디버깅 시작 ===
[2025-07-01 21:26:05] [INFO] === 수정된 울트라 디버깅 시작 ===
[2025-07-01 21:27:44] [INFO] === 수정된 울트라 디버깅 시작 ===
[2025-07-01 21:29:41] [INFO] === 수정된 울트라 디버깅 시작 ===
[2025-07-01 21:32:50] [INFO] === 수정된 울트라 디버깅 시작 ===
[2025-07-01 21:36:14] [INFO] === 최소화 버전 디버깅 시작 ===
[2025-07-01 21:36:14] [INFO] 최소화 버전 디버깅 페이지 완료
[2025-07-01 21:39:15] [INFO] === 수정된 울트라 디버깅 시작 ===
[2025-07-01 21:39:15] [INFO] 수정된 울트라 디버깅 페이지 완료
[2025-07-01 21:40:10] [INFO] === 수정된 울트라 디버깅 시작 ===
[2025-07-01 21:40:10] [INFO] 수정된 울트라 디버깅 페이지 완료
