
=== getLectureImages 정렬 디버깅 (2025-06-19 22:51:13) ===
imagesData 개수: 3
첫 번째 이미지 데이터: {"original_name":"1750340693_1_file_68541455cc51c.png","file_name":"1750340693_1_file_68541455cc51c.png","file_path":"\/assets\/uploads\/lectures\/1750340693_1_file_68541455cc51c.png","file_size":247484,"upload_time":"2025-06-19 22:44:53","display_order":1}
display_order 존재 여부: YES
display_order 정렬 시작
이미지를 display_order로 정렬 완료: [1,2,3]

=== getLectureImages 정렬 디버깅 (2025-06-19 22:51:24) ===
imagesData 개수: 3
첫 번째 이미지 데이터: {"original_name":"1750340693_1_file_68541455cc51c.png","file_name":"1750340693_1_file_68541455cc51c.png","file_path":"\/assets\/uploads\/lectures\/1750340693_1_file_68541455cc51c.png","file_size":247484,"upload_time":"2025-06-19 22:44:53","display_order":1}
display_order 존재 여부: YES
display_order 정렬 시작
이미지를 display_order로 정렬 완료: [1,2,3]

=== getLectureImages 정렬 디버깅 (2025-06-19 22:52:15) ===
imagesData 개수: 3
첫 번째 이미지 데이터: {"original_name":"1750340693_1_file_68541455cc51c.png","file_name":"1750340693_1_file_68541455cc51c.png","file_path":"\/assets\/uploads\/lectures\/1750340693_1_file_68541455cc51c.png","file_size":247484,"upload_time":"2025-06-19 22:44:53","display_order":1}
display_order 존재 여부: YES
display_order 정렬 시작
이미지를 display_order로 정렬 완료: [1,2,3]

=== getLectureImages 정렬 디버깅 (2025-06-19 22:52:26) ===
imagesData 개수: 3
첫 번째 이미지 데이터: {"original_name":"1750340693_1_file_68541455cc51c.png","file_name":"1750340693_1_file_68541455cc51c.png","file_path":"\/assets\/uploads\/lectures\/1750340693_1_file_68541455cc51c.png","file_size":247484,"upload_time":"2025-06-19 22:44:53","display_order":1}
display_order 존재 여부: YES
display_order 정렬 시작
이미지를 display_order로 정렬 완료: [1,2,3]

=== getLectureImages 정렬 디버깅 (2025-06-19 22:52:59) ===
imagesData 개수: 3
첫 번째 이미지 데이터: {"original_name":"1750340693_1_file_68541455cc51c.png","file_name":"1750340693_1_file_68541455cc51c.png","file_path":"\/assets\/uploads\/lectures\/1750340693_1_file_68541455cc51c.png","file_size":247484,"upload_time":"2025-06-19 22:44:53","display_order":1}
display_order 존재 여부: YES
display_order 정렬 시작
이미지를 display_order로 정렬 완료: [1,2,3]

=== getLectureImages 정렬 디버깅 (2025-06-19 22:53:06) ===
imagesData 개수: 3
첫 번째 이미지 데이터: {"original_name":"1750340693_1_file_68541455cc51c.png","file_name":"1750340693_1_file_68541455cc51c.png","file_path":"\/assets\/uploads\/lectures\/1750340693_1_file_68541455cc51c.png","file_size":247484,"upload_time":"2025-06-19 22:44:53","display_order":1}
display_order 존재 여부: YES
display_order 정렬 시작
이미지를 display_order로 정렬 완료: [1,2,3]
