
=== 강의 142번 상세 페이지 이미지 디버깅 (2025-06-19 22:52:15) ===
총 이미지 개수: 3
이미지 0: 
  - URL: /assets/uploads/lectures/1750340693_1_file_68541455cc51c.png
  - display_order: MISSING
  - file_name: MISSING
  - 전체 데이터: {"id":1,"url":"\/assets\/uploads\/lectures\/1750340693_1_file_68541455cc51c.png","alt_text":"1750340693_1_file_68541455cc51c.png"}
이미지 1: 
  - URL: /assets/uploads/lectures/1750340693_2_file_68541455cc5e2.png
  - display_order: MISSING
  - file_name: MISSING
  - 전체 데이터: {"id":2,"url":"\/assets\/uploads\/lectures\/1750340693_2_file_68541455cc5e2.png","alt_text":"1750340693_2_file_68541455cc5e2.png"}
이미지 2: 
  - URL: /assets/uploads/lectures/1750340693_0_file_68541455cc3aa.jpg
  - display_order: MISSING
  - file_name: MISSING
  - 전체 데이터: {"id":3,"url":"\/assets\/uploads\/lectures\/1750340693_0_file_68541455cc3aa.jpg","alt_text":"1750340693_0_file_68541455cc3aa.jpg"}

=== 강의 142번 상세 페이지 이미지 디버깅 (2025-06-19 22:52:26) ===
총 이미지 개수: 3
이미지 0: 
  - URL: /assets/uploads/lectures/1750340693_1_file_68541455cc51c.png
  - display_order: MISSING
  - file_name: MISSING
  - 전체 데이터: {"id":1,"url":"\/assets\/uploads\/lectures\/1750340693_1_file_68541455cc51c.png","alt_text":"1750340693_1_file_68541455cc51c.png"}
이미지 1: 
  - URL: /assets/uploads/lectures/1750340693_2_file_68541455cc5e2.png
  - display_order: MISSING
  - file_name: MISSING
  - 전체 데이터: {"id":2,"url":"\/assets\/uploads\/lectures\/1750340693_2_file_68541455cc5e2.png","alt_text":"1750340693_2_file_68541455cc5e2.png"}
이미지 2: 
  - URL: /assets/uploads/lectures/1750340693_0_file_68541455cc3aa.jpg
  - display_order: MISSING
  - file_name: MISSING
  - 전체 데이터: {"id":3,"url":"\/assets\/uploads\/lectures\/1750340693_0_file_68541455cc3aa.jpg","alt_text":"1750340693_0_file_68541455cc3aa.jpg"}
